{"C:\\Users\\thugg\\OneDrive\\Desktop\\a\\Local Dev Enviorment\\Complete\\rnk-hide-em\\scripts\\config.js": {"path":"C:\\Users\\thugg\\OneDrive\\Desktop\\a\\Local Dev Enviorment\\Complete\\rnk-hide-em\\scripts\\config.js","all":false,"statementMap":{"0":{"start":{"line":1,"column":0},"end":{"line":1,"column":3}},"1":{"start":{"line":2,"column":0},"end":{"line":2,"column":45}},"2":{"start":{"line":3,"column":0},"end":{"line":3,"column":22}},"3":{"start":{"line":4,"column":0},"end":{"line":4,"column":3}},"4":{"start":{"line":5,"column":0},"end":{"line":5,"column":0}},"5":{"start":{"line":6,"column":0},"end":{"line":6,"column":68}},"6":{"start":{"line":7,"column":0},"end":{"line":7,"column":85}},"7":{"start":{"line":8,"column":0},"end":{"line":8,"column":56}},"8":{"start":{"line":9,"column":0},"end":{"line":9,"column":0}},"9":{"start":{"line":10,"column":0},"end":{"line":10,"column":3}},"10":{"start":{"line":11,"column":0},"end":{"line":11,"column":45}},"11":{"start":{"line":12,"column":0},"end":{"line":12,"column":3}},"12":{"start":{"line":13,"column":0},"end":{"line":13,"column":55}},"13":{"start":{"line":14,"column":0},"end":{"line":14,"column":31}},"14":{"start":{"line":15,"column":0},"end":{"line":15,"column":60}},"15":{"start":{"line":16,"column":0},"end":{"line":16,"column":55}},"16":{"start":{"line":17,"column":0},"end":{"line":17,"column":31}},"17":{"start":{"line":18,"column":0},"end":{"line":18,"column":63}},"18":{"start":{"line":19,"column":0},"end":{"line":19,"column":17}},"19":{"start":{"line":20,"column":0},"end":{"line":20,"column":21}},"20":{"start":{"line":21,"column":0},"end":{"line":21,"column":26}},"21":{"start":{"line":22,"column":0},"end":{"line":22,"column":13}},"22":{"start":{"line":23,"column":0},"end":{"line":23,"column":9}},"23":{"start":{"line":24,"column":0},"end":{"line":24,"column":36}},"24":{"start":{"line":25,"column":0},"end":{"line":25,"column":38}},"25":{"start":{"line":26,"column":0},"end":{"line":26,"column":23}},"26":{"start":{"line":27,"column":0},"end":{"line":27,"column":9}},"27":{"start":{"line":28,"column":0},"end":{"line":28,"column":7}},"28":{"start":{"line":29,"column":0},"end":{"line":29,"column":7}},"29":{"start":{"line":30,"column":0},"end":{"line":30,"column":3}},"30":{"start":{"line":31,"column":0},"end":{"line":31,"column":0}},"31":{"start":{"line":32,"column":0},"end":{"line":32,"column":13}},"32":{"start":{"line":33,"column":0},"end":{"line":33,"column":58}},"33":{"start":{"line":34,"column":0},"end":{"line":34,"column":64}},"34":{"start":{"line":35,"column":0},"end":{"line":35,"column":55}},"35":{"start":{"line":36,"column":0},"end":{"line":36,"column":69}},"36":{"start":{"line":37,"column":0},"end":{"line":37,"column":71}},"37":{"start":{"line":38,"column":0},"end":{"line":38,"column":58}},"38":{"start":{"line":39,"column":0},"end":{"line":39,"column":71}},"39":{"start":{"line":40,"column":0},"end":{"line":40,"column":69}},"40":{"start":{"line":41,"column":0},"end":{"line":41,"column":52}},"41":{"start":{"line":42,"column":0},"end":{"line":42,"column":58}},"42":{"start":{"line":43,"column":0},"end":{"line":43,"column":75}},"43":{"start":{"line":44,"column":0},"end":{"line":44,"column":73}},"44":{"start":{"line":45,"column":0},"end":{"line":45,"column":77}},"45":{"start":{"line":46,"column":0},"end":{"line":46,"column":49}},"46":{"start":{"line":47,"column":0},"end":{"line":47,"column":70}},"47":{"start":{"line":48,"column":0},"end":{"line":48,"column":58}},"48":{"start":{"line":49,"column":0},"end":{"line":49,"column":49}},"49":{"start":{"line":50,"column":0},"end":{"line":50,"column":60}},"50":{"start":{"line":51,"column":0},"end":{"line":51,"column":77}},"51":{"start":{"line":52,"column":0},"end":{"line":52,"column":4}},"52":{"start":{"line":53,"column":0},"end":{"line":53,"column":85}},"53":{"start":{"line":54,"column":0},"end":{"line":54,"column":0}},"54":{"start":{"line":55,"column":0},"end":{"line":55,"column":24}},"55":{"start":{"line":56,"column":0},"end":{"line":56,"column":21}},"56":{"start":{"line":57,"column":0},"end":{"line":57,"column":49}},"57":{"start":{"line":58,"column":0},"end":{"line":58,"column":18}},"58":{"start":{"line":59,"column":0},"end":{"line":59,"column":13}},"59":{"start":{"line":60,"column":0},"end":{"line":60,"column":40}},"60":{"start":{"line":61,"column":0},"end":{"line":61,"column":50}},"61":{"start":{"line":62,"column":0},"end":{"line":62,"column":9}},"62":{"start":{"line":63,"column":0},"end":{"line":63,"column":5}},"63":{"start":{"line":64,"column":0},"end":{"line":64,"column":0}},"64":{"start":{"line":65,"column":0},"end":{"line":65,"column":24}},"65":{"start":{"line":66,"column":0},"end":{"line":66,"column":21}},"66":{"start":{"line":67,"column":0},"end":{"line":67,"column":49}},"67":{"start":{"line":68,"column":0},"end":{"line":68,"column":18}},"68":{"start":{"line":69,"column":0},"end":{"line":69,"column":13}},"69":{"start":{"line":70,"column":0},"end":{"line":70,"column":39}},"70":{"start":{"line":71,"column":0},"end":{"line":71,"column":9}},"71":{"start":{"line":72,"column":0},"end":{"line":72,"column":5}},"72":{"start":{"line":73,"column":0},"end":{"line":73,"column":0}},"73":{"start":{"line":74,"column":0},"end":{"line":74,"column":35}},"74":{"start":{"line":75,"column":0},"end":{"line":75,"column":65}},"75":{"start":{"line":76,"column":0},"end":{"line":76,"column":71}},"76":{"start":{"line":77,"column":0},"end":{"line":77,"column":69}},"77":{"start":{"line":78,"column":0},"end":{"line":78,"column":71}},"78":{"start":{"line":79,"column":0},"end":{"line":79,"column":72}},"79":{"start":{"line":80,"column":0},"end":{"line":80,"column":74}},"80":{"start":{"line":81,"column":0},"end":{"line":81,"column":73}},"81":{"start":{"line":82,"column":0},"end":{"line":82,"column":66}},"82":{"start":{"line":83,"column":0},"end":{"line":83,"column":74}},"83":{"start":{"line":84,"column":0},"end":{"line":84,"column":76}},"84":{"start":{"line":85,"column":0},"end":{"line":85,"column":70}},"85":{"start":{"line":86,"column":0},"end":{"line":86,"column":69}},"86":{"start":{"line":87,"column":0},"end":{"line":87,"column":6}},"87":{"start":{"line":88,"column":0},"end":{"line":88,"column":66}},"88":{"start":{"line":89,"column":0},"end":{"line":89,"column":0}},"89":{"start":{"line":90,"column":0},"end":{"line":90,"column":29}},"90":{"start":{"line":91,"column":0},"end":{"line":91,"column":47}},"91":{"start":{"line":92,"column":0},"end":{"line":92,"column":5}},"92":{"start":{"line":93,"column":0},"end":{"line":93,"column":0}},"93":{"start":{"line":94,"column":0},"end":{"line":94,"column":31}},"94":{"start":{"line":95,"column":0},"end":{"line":95,"column":59}},"95":{"start":{"line":96,"column":0},"end":{"line":96,"column":13}},"96":{"start":{"line":97,"column":0},"end":{"line":97,"column":52}},"97":{"start":{"line":98,"column":0},"end":{"line":98,"column":8}},"98":{"start":{"line":99,"column":0},"end":{"line":99,"column":0}},"99":{"start":{"line":100,"column":0},"end":{"line":100,"column":46}},"100":{"start":{"line":101,"column":0},"end":{"line":101,"column":65}},"101":{"start":{"line":102,"column":0},"end":{"line":102,"column":62}},"102":{"start":{"line":103,"column":0},"end":{"line":103,"column":14}},"103":{"start":{"line":104,"column":0},"end":{"line":104,"column":20}},"104":{"start":{"line":105,"column":0},"end":{"line":105,"column":24}},"105":{"start":{"line":106,"column":0},"end":{"line":106,"column":26}},"106":{"start":{"line":107,"column":0},"end":{"line":107,"column":33}},"107":{"start":{"line":108,"column":0},"end":{"line":108,"column":56}},"108":{"start":{"line":109,"column":0},"end":{"line":109,"column":17}},"109":{"start":{"line":110,"column":0},"end":{"line":110,"column":75}},"110":{"start":{"line":111,"column":0},"end":{"line":111,"column":11}},"111":{"start":{"line":112,"column":0},"end":{"line":112,"column":8}},"112":{"start":{"line":113,"column":0},"end":{"line":113,"column":7}},"113":{"start":{"line":114,"column":0},"end":{"line":114,"column":0}},"114":{"start":{"line":115,"column":0},"end":{"line":115,"column":12}},"115":{"start":{"line":116,"column":0},"end":{"line":116,"column":12}},"116":{"start":{"line":117,"column":0},"end":{"line":117,"column":12}},"117":{"start":{"line":118,"column":0},"end":{"line":118,"column":18}},"118":{"start":{"line":119,"column":0},"end":{"line":119,"column":14}},"119":{"start":{"line":120,"column":0},"end":{"line":120,"column":21}},"120":{"start":{"line":121,"column":0},"end":{"line":121,"column":16}},"121":{"start":{"line":122,"column":0},"end":{"line":122,"column":23}},"122":{"start":{"line":123,"column":0},"end":{"line":123,"column":24}},"123":{"start":{"line":124,"column":0},"end":{"line":124,"column":18}},"124":{"start":{"line":125,"column":0},"end":{"line":125,"column":24}},"125":{"start":{"line":126,"column":0},"end":{"line":126,"column":23}},"126":{"start":{"line":127,"column":0},"end":{"line":127,"column":15}},"127":{"start":{"line":128,"column":0},"end":{"line":128,"column":18}},"128":{"start":{"line":129,"column":0},"end":{"line":129,"column":26}},"129":{"start":{"line":130,"column":0},"end":{"line":130,"column":25}},"130":{"start":{"line":131,"column":0},"end":{"line":131,"column":14}},"131":{"start":{"line":132,"column":0},"end":{"line":132,"column":24}},"132":{"start":{"line":133,"column":0},"end":{"line":133,"column":14}},"133":{"start":{"line":134,"column":0},"end":{"line":134,"column":19}},"134":{"start":{"line":135,"column":0},"end":{"line":135,"column":54}},"135":{"start":{"line":136,"column":0},"end":{"line":136,"column":6}},"136":{"start":{"line":137,"column":0},"end":{"line":137,"column":3}},"137":{"start":{"line":138,"column":0},"end":{"line":138,"column":0}},"138":{"start":{"line":139,"column":0},"end":{"line":139,"column":27}},"139":{"start":{"line":140,"column":0},"end":{"line":140,"column":34}},"140":{"start":{"line":141,"column":0},"end":{"line":141,"column":0}},"141":{"start":{"line":142,"column":0},"end":{"line":142,"column":30}},"142":{"start":{"line":143,"column":0},"end":{"line":143,"column":81}},"143":{"start":{"line":144,"column":0},"end":{"line":144,"column":83}},"144":{"start":{"line":145,"column":0},"end":{"line":145,"column":4}},"145":{"start":{"line":146,"column":0},"end":{"line":146,"column":21}},"146":{"start":{"line":147,"column":0},"end":{"line":147,"column":85}},"147":{"start":{"line":148,"column":0},"end":{"line":148,"column":4}},"148":{"start":{"line":149,"column":0},"end":{"line":149,"column":21}},"149":{"start":{"line":150,"column":0},"end":{"line":150,"column":66}},"150":{"start":{"line":151,"column":0},"end":{"line":151,"column":67}},"151":{"start":{"line":152,"column":0},"end":{"line":152,"column":70}},"152":{"start":{"line":153,"column":0},"end":{"line":153,"column":4}},"153":{"start":{"line":154,"column":0},"end":{"line":154,"column":20}},"154":{"start":{"line":155,"column":0},"end":{"line":155,"column":66}},"155":{"start":{"line":156,"column":0},"end":{"line":156,"column":66}},"156":{"start":{"line":157,"column":0},"end":{"line":157,"column":0}},"157":{"start":{"line":158,"column":0},"end":{"line":158,"column":26}},"158":{"start":{"line":159,"column":0},"end":{"line":159,"column":100}},"159":{"start":{"line":160,"column":0},"end":{"line":160,"column":102}},"160":{"start":{"line":161,"column":0},"end":{"line":161,"column":98}},"161":{"start":{"line":162,"column":0},"end":{"line":162,"column":3}},"162":{"start":{"line":163,"column":0},"end":{"line":163,"column":0}},"163":{"start":{"line":164,"column":0},"end":{"line":164,"column":33}},"164":{"start":{"line":165,"column":0},"end":{"line":165,"column":62}},"165":{"start":{"line":166,"column":0},"end":{"line":166,"column":3}},"166":{"start":{"line":167,"column":0},"end":{"line":167,"column":0}},"167":{"start":{"line":168,"column":0},"end":{"line":168,"column":38}},"168":{"start":{"line":169,"column":0},"end":{"line":169,"column":53}},"169":{"start":{"line":170,"column":0},"end":{"line":170,"column":41}},"170":{"start":{"line":171,"column":0},"end":{"line":171,"column":80}},"171":{"start":{"line":172,"column":0},"end":{"line":172,"column":4}},"172":{"start":{"line":173,"column":0},"end":{"line":173,"column":27}},"173":{"start":{"line":174,"column":0},"end":{"line":174,"column":71}},"174":{"start":{"line":175,"column":0},"end":{"line":175,"column":7}},"175":{"start":{"line":176,"column":0},"end":{"line":176,"column":3}},"176":{"start":{"line":177,"column":0},"end":{"line":177,"column":0}},"177":{"start":{"line":178,"column":0},"end":{"line":178,"column":46}},"178":{"start":{"line":179,"column":0},"end":{"line":179,"column":52}},"179":{"start":{"line":180,"column":0},"end":{"line":180,"column":81}},"180":{"start":{"line":181,"column":0},"end":{"line":181,"column":3}},"181":{"start":{"line":182,"column":0},"end":{"line":182,"column":0}},"182":{"start":{"line":183,"column":0},"end":{"line":183,"column":44}},"183":{"start":{"line":184,"column":0},"end":{"line":184,"column":52}},"184":{"start":{"line":185,"column":0},"end":{"line":185,"column":56}},"185":{"start":{"line":186,"column":0},"end":{"line":186,"column":41}},"186":{"start":{"line":187,"column":0},"end":{"line":187,"column":80}},"187":{"start":{"line":188,"column":0},"end":{"line":188,"column":4}},"188":{"start":{"line":189,"column":0},"end":{"line":189,"column":27}},"189":{"start":{"line":190,"column":0},"end":{"line":190,"column":90}},"190":{"start":{"line":191,"column":0},"end":{"line":191,"column":7}},"191":{"start":{"line":192,"column":0},"end":{"line":192,"column":3}},"192":{"start":{"line":193,"column":0},"end":{"line":193,"column":0}},"193":{"start":{"line":194,"column":0},"end":{"line":194,"column":23}},"194":{"start":{"line":195,"column":0},"end":{"line":195,"column":38}},"195":{"start":{"line":196,"column":0},"end":{"line":196,"column":27}},"196":{"start":{"line":197,"column":0},"end":{"line":197,"column":98}},"197":{"start":{"line":198,"column":0},"end":{"line":198,"column":70}},"198":{"start":{"line":199,"column":0},"end":{"line":199,"column":7}},"199":{"start":{"line":200,"column":0},"end":{"line":200,"column":0}},"200":{"start":{"line":201,"column":0},"end":{"line":201,"column":22}},"201":{"start":{"line":202,"column":0},"end":{"line":202,"column":0}},"202":{"start":{"line":203,"column":0},"end":{"line":203,"column":55}},"203":{"start":{"line":204,"column":0},"end":{"line":204,"column":20}},"204":{"start":{"line":205,"column":0},"end":{"line":205,"column":53}},"205":{"start":{"line":206,"column":0},"end":{"line":206,"column":59}},"206":{"start":{"line":207,"column":0},"end":{"line":207,"column":64}},"207":{"start":{"line":208,"column":0},"end":{"line":208,"column":66}},"208":{"start":{"line":209,"column":0},"end":{"line":209,"column":44}},"209":{"start":{"line":210,"column":0},"end":{"line":210,"column":52}},"210":{"start":{"line":211,"column":0},"end":{"line":211,"column":6}},"211":{"start":{"line":212,"column":0},"end":{"line":212,"column":0}},"212":{"start":{"line":213,"column":0},"end":{"line":213,"column":35}},"213":{"start":{"line":214,"column":0},"end":{"line":214,"column":48}},"214":{"start":{"line":215,"column":0},"end":{"line":215,"column":46}},"215":{"start":{"line":216,"column":0},"end":{"line":216,"column":18}},"216":{"start":{"line":217,"column":0},"end":{"line":217,"column":3}},"217":{"start":{"line":218,"column":0},"end":{"line":218,"column":0}},"218":{"start":{"line":219,"column":0},"end":{"line":219,"column":28}},"219":{"start":{"line":220,"column":0},"end":{"line":220,"column":47}},"220":{"start":{"line":221,"column":0},"end":{"line":221,"column":55}},"221":{"start":{"line":222,"column":0},"end":{"line":222,"column":34}},"222":{"start":{"line":223,"column":0},"end":{"line":223,"column":0}},"223":{"start":{"line":224,"column":0},"end":{"line":224,"column":24}},"224":{"start":{"line":225,"column":0},"end":{"line":225,"column":0}},"225":{"start":{"line":226,"column":0},"end":{"line":226,"column":30}},"226":{"start":{"line":227,"column":0},"end":{"line":227,"column":64}},"227":{"start":{"line":228,"column":0},"end":{"line":228,"column":70}},"228":{"start":{"line":229,"column":0},"end":{"line":229,"column":75}},"229":{"start":{"line":230,"column":0},"end":{"line":230,"column":77}},"230":{"start":{"line":231,"column":0},"end":{"line":231,"column":55}},"231":{"start":{"line":232,"column":0},"end":{"line":232,"column":70}},"232":{"start":{"line":233,"column":0},"end":{"line":233,"column":58}},"233":{"start":{"line":234,"column":0},"end":{"line":234,"column":0}},"234":{"start":{"line":235,"column":0},"end":{"line":235,"column":25}},"235":{"start":{"line":236,"column":0},"end":{"line":236,"column":54}},"236":{"start":{"line":237,"column":0},"end":{"line":237,"column":18}},"237":{"start":{"line":238,"column":0},"end":{"line":238,"column":3}},"238":{"start":{"line":239,"column":0},"end":{"line":239,"column":0}},"239":{"start":{"line":240,"column":0},"end":{"line":240,"column":29}},"240":{"start":{"line":241,"column":0},"end":{"line":241,"column":59}},"241":{"start":{"line":242,"column":0},"end":{"line":242,"column":41}},"242":{"start":{"line":243,"column":0},"end":{"line":243,"column":55}},"243":{"start":{"line":244,"column":0},"end":{"line":244,"column":0}},"244":{"start":{"line":245,"column":0},"end":{"line":245,"column":53}},"245":{"start":{"line":246,"column":0},"end":{"line":246,"column":0}},"246":{"start":{"line":247,"column":0},"end":{"line":247,"column":44}},"247":{"start":{"line":248,"column":0},"end":{"line":248,"column":29}},"248":{"start":{"line":249,"column":0},"end":{"line":249,"column":88}},"249":{"start":{"line":250,"column":0},"end":{"line":250,"column":7}},"250":{"start":{"line":251,"column":0},"end":{"line":251,"column":0}},"251":{"start":{"line":252,"column":0},"end":{"line":252,"column":27}},"252":{"start":{"line":253,"column":0},"end":{"line":253,"column":0}},"253":{"start":{"line":254,"column":0},"end":{"line":254,"column":29}},"254":{"start":{"line":255,"column":0},"end":{"line":255,"column":48}},"255":{"start":{"line":256,"column":0},"end":{"line":256,"column":38}},"256":{"start":{"line":257,"column":0},"end":{"line":257,"column":18}},"257":{"start":{"line":258,"column":0},"end":{"line":258,"column":3}},"258":{"start":{"line":259,"column":0},"end":{"line":259,"column":0}},"259":{"start":{"line":260,"column":0},"end":{"line":260,"column":25}},"260":{"start":{"line":261,"column":0},"end":{"line":261,"column":20}},"261":{"start":{"line":262,"column":0},"end":{"line":262,"column":53}},"262":{"start":{"line":263,"column":0},"end":{"line":263,"column":59}},"263":{"start":{"line":264,"column":0},"end":{"line":264,"column":50}},"264":{"start":{"line":265,"column":0},"end":{"line":265,"column":64}},"265":{"start":{"line":266,"column":0},"end":{"line":266,"column":66}},"266":{"start":{"line":267,"column":0},"end":{"line":267,"column":53}},"267":{"start":{"line":268,"column":0},"end":{"line":268,"column":66}},"268":{"start":{"line":269,"column":0},"end":{"line":269,"column":64}},"269":{"start":{"line":270,"column":0},"end":{"line":270,"column":47}},"270":{"start":{"line":271,"column":0},"end":{"line":271,"column":53}},"271":{"start":{"line":272,"column":0},"end":{"line":272,"column":70}},"272":{"start":{"line":273,"column":0},"end":{"line":273,"column":68}},"273":{"start":{"line":274,"column":0},"end":{"line":274,"column":44}},"274":{"start":{"line":275,"column":0},"end":{"line":275,"column":65}},"275":{"start":{"line":276,"column":0},"end":{"line":276,"column":53}},"276":{"start":{"line":277,"column":0},"end":{"line":277,"column":66}},"277":{"start":{"line":278,"column":0},"end":{"line":278,"column":44}},"278":{"start":{"line":279,"column":0},"end":{"line":279,"column":65}},"279":{"start":{"line":280,"column":0},"end":{"line":280,"column":6}},"280":{"start":{"line":281,"column":0},"end":{"line":281,"column":0}},"281":{"start":{"line":282,"column":0},"end":{"line":282,"column":49}},"282":{"start":{"line":283,"column":0},"end":{"line":283,"column":64}},"283":{"start":{"line":284,"column":0},"end":{"line":284,"column":42}},"284":{"start":{"line":285,"column":0},"end":{"line":285,"column":42}},"285":{"start":{"line":286,"column":0},"end":{"line":286,"column":17}},"286":{"start":{"line":287,"column":0},"end":{"line":287,"column":39}},"287":{"start":{"line":288,"column":0},"end":{"line":288,"column":14}},"288":{"start":{"line":289,"column":0},"end":{"line":289,"column":29}},"289":{"start":{"line":290,"column":0},"end":{"line":290,"column":46}},"290":{"start":{"line":291,"column":0},"end":{"line":291,"column":3}},"291":{"start":{"line":292,"column":0},"end":{"line":292,"column":0}},"292":{"start":{"line":293,"column":0},"end":{"line":293,"column":25}},"293":{"start":{"line":294,"column":0},"end":{"line":294,"column":50}},"294":{"start":{"line":295,"column":0},"end":{"line":295,"column":24}},"295":{"start":{"line":296,"column":0},"end":{"line":296,"column":38}},"296":{"start":{"line":297,"column":0},"end":{"line":297,"column":4}},"297":{"start":{"line":298,"column":0},"end":{"line":298,"column":35}},"298":{"start":{"line":299,"column":0},"end":{"line":299,"column":37}},"299":{"start":{"line":300,"column":0},"end":{"line":300,"column":24}},"300":{"start":{"line":301,"column":0},"end":{"line":301,"column":0}},"301":{"start":{"line":302,"column":0},"end":{"line":302,"column":11}},"302":{"start":{"line":303,"column":0},"end":{"line":303,"column":39}},"303":{"start":{"line":304,"column":0},"end":{"line":304,"column":40}},"304":{"start":{"line":305,"column":0},"end":{"line":305,"column":0}},"305":{"start":{"line":306,"column":0},"end":{"line":306,"column":29}},"306":{"start":{"line":307,"column":0},"end":{"line":307,"column":92}},"307":{"start":{"line":308,"column":0},"end":{"line":308,"column":115}},"308":{"start":{"line":309,"column":0},"end":{"line":309,"column":101}},"309":{"start":{"line":310,"column":0},"end":{"line":310,"column":122}},"310":{"start":{"line":311,"column":0},"end":{"line":311,"column":125}},"311":{"start":{"line":312,"column":0},"end":{"line":312,"column":106}},"312":{"start":{"line":313,"column":0},"end":{"line":313,"column":125}},"313":{"start":{"line":314,"column":0},"end":{"line":314,"column":122}},"314":{"start":{"line":315,"column":0},"end":{"line":315,"column":97}},"315":{"start":{"line":316,"column":0},"end":{"line":316,"column":106}},"316":{"start":{"line":317,"column":0},"end":{"line":317,"column":131}},"317":{"start":{"line":318,"column":0},"end":{"line":318,"column":128}},"318":{"start":{"line":319,"column":0},"end":{"line":319,"column":93}},"319":{"start":{"line":320,"column":0},"end":{"line":320,"column":124}},"320":{"start":{"line":321,"column":0},"end":{"line":321,"column":92}},"321":{"start":{"line":322,"column":0},"end":{"line":322,"column":111}},"322":{"start":{"line":323,"column":0},"end":{"line":323,"column":79}},"323":{"start":{"line":324,"column":0},"end":{"line":324,"column":111}},"324":{"start":{"line":325,"column":0},"end":{"line":325,"column":0}},"325":{"start":{"line":326,"column":0},"end":{"line":326,"column":29}},"326":{"start":{"line":327,"column":0},"end":{"line":327,"column":50}},"327":{"start":{"line":328,"column":0},"end":{"line":328,"column":22}},"328":{"start":{"line":329,"column":0},"end":{"line":329,"column":23}},"329":{"start":{"line":330,"column":0},"end":{"line":330,"column":57}},"330":{"start":{"line":331,"column":0},"end":{"line":331,"column":58}},"331":{"start":{"line":332,"column":0},"end":{"line":332,"column":7}},"332":{"start":{"line":333,"column":0},"end":{"line":333,"column":6}},"333":{"start":{"line":334,"column":0},"end":{"line":334,"column":0}},"334":{"start":{"line":335,"column":0},"end":{"line":335,"column":18}},"335":{"start":{"line":336,"column":0},"end":{"line":336,"column":3}},"336":{"start":{"line":337,"column":0},"end":{"line":337,"column":0}},"337":{"start":{"line":338,"column":0},"end":{"line":338,"column":40}},"338":{"start":{"line":339,"column":0},"end":{"line":339,"column":9}},"339":{"start":{"line":340,"column":0},"end":{"line":340,"column":29}},"340":{"start":{"line":341,"column":0},"end":{"line":341,"column":29}},"341":{"start":{"line":342,"column":0},"end":{"line":342,"column":35}},"342":{"start":{"line":343,"column":0},"end":{"line":343,"column":35}},"343":{"start":{"line":344,"column":0},"end":{"line":344,"column":0}},"344":{"start":{"line":345,"column":0},"end":{"line":345,"column":22}},"345":{"start":{"line":346,"column":0},"end":{"line":346,"column":51}},"346":{"start":{"line":347,"column":0},"end":{"line":347,"column":38}},"347":{"start":{"line":348,"column":0},"end":{"line":348,"column":56}},"348":{"start":{"line":349,"column":0},"end":{"line":349,"column":7}},"349":{"start":{"line":350,"column":0},"end":{"line":350,"column":0}},"350":{"start":{"line":351,"column":0},"end":{"line":351,"column":22}},"351":{"start":{"line":352,"column":0},"end":{"line":352,"column":51}},"352":{"start":{"line":353,"column":0},"end":{"line":353,"column":36}},"353":{"start":{"line":354,"column":0},"end":{"line":354,"column":30}},"354":{"start":{"line":355,"column":0},"end":{"line":355,"column":9}},"355":{"start":{"line":356,"column":0},"end":{"line":356,"column":7}},"356":{"start":{"line":357,"column":0},"end":{"line":357,"column":0}},"357":{"start":{"line":358,"column":0},"end":{"line":358,"column":29}},"358":{"start":{"line":359,"column":0},"end":{"line":359,"column":148}},"359":{"start":{"line":360,"column":0},"end":{"line":360,"column":28}},"360":{"start":{"line":361,"column":0},"end":{"line":361,"column":40}},"361":{"start":{"line":362,"column":0},"end":{"line":362,"column":28}},"362":{"start":{"line":363,"column":0},"end":{"line":363,"column":37}},"363":{"start":{"line":364,"column":0},"end":{"line":364,"column":9}},"364":{"start":{"line":365,"column":0},"end":{"line":365,"column":9}},"365":{"start":{"line":366,"column":0},"end":{"line":366,"column":0}},"366":{"start":{"line":367,"column":0},"end":{"line":367,"column":36}},"367":{"start":{"line":368,"column":0},"end":{"line":368,"column":55}},"368":{"start":{"line":369,"column":0},"end":{"line":369,"column":32}},"369":{"start":{"line":370,"column":0},"end":{"line":370,"column":86}},"370":{"start":{"line":371,"column":0},"end":{"line":371,"column":74}},"371":{"start":{"line":372,"column":0},"end":{"line":372,"column":84}},"372":{"start":{"line":373,"column":0},"end":{"line":373,"column":80}},"373":{"start":{"line":374,"column":0},"end":{"line":374,"column":84}},"374":{"start":{"line":375,"column":0},"end":{"line":375,"column":86}},"375":{"start":{"line":376,"column":0},"end":{"line":376,"column":68}},"376":{"start":{"line":377,"column":0},"end":{"line":377,"column":74}},"377":{"start":{"line":378,"column":0},"end":{"line":378,"column":90}},"378":{"start":{"line":379,"column":0},"end":{"line":379,"column":26}},"379":{"start":{"line":380,"column":0},"end":{"line":380,"column":26}},"380":{"start":{"line":381,"column":0},"end":{"line":381,"column":31}},"381":{"start":{"line":382,"column":0},"end":{"line":382,"column":10}},"382":{"start":{"line":383,"column":0},"end":{"line":383,"column":0}},"383":{"start":{"line":384,"column":0},"end":{"line":384,"column":40}},"384":{"start":{"line":385,"column":0},"end":{"line":385,"column":53}},"385":{"start":{"line":386,"column":0},"end":{"line":386,"column":56}},"386":{"start":{"line":387,"column":0},"end":{"line":387,"column":49}},"387":{"start":{"line":388,"column":0},"end":{"line":388,"column":11}},"388":{"start":{"line":389,"column":0},"end":{"line":389,"column":9}},"389":{"start":{"line":390,"column":0},"end":{"line":390,"column":0}},"390":{"start":{"line":391,"column":0},"end":{"line":391,"column":40}},"391":{"start":{"line":392,"column":0},"end":{"line":392,"column":53}},"392":{"start":{"line":393,"column":0},"end":{"line":393,"column":56}},"393":{"start":{"line":394,"column":0},"end":{"line":394,"column":47}},"394":{"start":{"line":395,"column":0},"end":{"line":395,"column":11}},"395":{"start":{"line":396,"column":0},"end":{"line":396,"column":9}},"396":{"start":{"line":397,"column":0},"end":{"line":397,"column":0}},"397":{"start":{"line":398,"column":0},"end":{"line":398,"column":47}},"398":{"start":{"line":399,"column":0},"end":{"line":399,"column":155}},"399":{"start":{"line":400,"column":0},"end":{"line":400,"column":35}},"400":{"start":{"line":401,"column":0},"end":{"line":401,"column":58}},"401":{"start":{"line":402,"column":0},"end":{"line":402,"column":28}},"402":{"start":{"line":403,"column":0},"end":{"line":403,"column":52}},"403":{"start":{"line":404,"column":0},"end":{"line":404,"column":9}},"404":{"start":{"line":405,"column":0},"end":{"line":405,"column":11}},"405":{"start":{"line":406,"column":0},"end":{"line":406,"column":0}},"406":{"start":{"line":407,"column":0},"end":{"line":407,"column":52}},"407":{"start":{"line":408,"column":0},"end":{"line":408,"column":9}},"408":{"start":{"line":409,"column":0},"end":{"line":409,"column":0}},"409":{"start":{"line":410,"column":0},"end":{"line":410,"column":47}},"410":{"start":{"line":411,"column":0},"end":{"line":411,"column":66}},"411":{"start":{"line":412,"column":0},"end":{"line":412,"column":0}},"412":{"start":{"line":413,"column":0},"end":{"line":413,"column":59}},"413":{"start":{"line":414,"column":0},"end":{"line":414,"column":83}},"414":{"start":{"line":415,"column":0},"end":{"line":415,"column":74}},"415":{"start":{"line":416,"column":0},"end":{"line":416,"column":88}},"416":{"start":{"line":417,"column":0},"end":{"line":417,"column":90}},"417":{"start":{"line":418,"column":0},"end":{"line":418,"column":77}},"418":{"start":{"line":419,"column":0},"end":{"line":419,"column":90}},"419":{"start":{"line":420,"column":0},"end":{"line":420,"column":88}},"420":{"start":{"line":421,"column":0},"end":{"line":421,"column":71}},"421":{"start":{"line":422,"column":0},"end":{"line":422,"column":77}},"422":{"start":{"line":423,"column":0},"end":{"line":423,"column":94}},"423":{"start":{"line":424,"column":0},"end":{"line":424,"column":92}},"424":{"start":{"line":425,"column":0},"end":{"line":425,"column":72}},"425":{"start":{"line":426,"column":0},"end":{"line":426,"column":76}},"426":{"start":{"line":427,"column":0},"end":{"line":427,"column":97}},"427":{"start":{"line":428,"column":0},"end":{"line":428,"column":59}},"428":{"start":{"line":429,"column":0},"end":{"line":429,"column":72}},"429":{"start":{"line":430,"column":0},"end":{"line":430,"column":6}},"430":{"start":{"line":431,"column":0},"end":{"line":431,"column":27}},"431":{"start":{"line":432,"column":0},"end":{"line":432,"column":40}},"432":{"start":{"line":433,"column":0},"end":{"line":433,"column":21}},"433":{"start":{"line":434,"column":0},"end":{"line":434,"column":54}},"434":{"start":{"line":435,"column":0},"end":{"line":435,"column":48}},"435":{"start":{"line":436,"column":0},"end":{"line":436,"column":5}},"436":{"start":{"line":437,"column":0},"end":{"line":437,"column":3}},"437":{"start":{"line":438,"column":0},"end":{"line":438,"column":1}}},"s":{"0":1,"1":1,"2":1,"3":1,"4":1,"5":1,"6":1,"7":1,"8":1,"9":1,"10":1,"11":1,"12":1,"13":1,"14":1,"15":1,"16":1,"17":1,"18":1,"19":1,"20":1,"21":1,"22":1,"23":1,"24":1,"25":1,"26":1,"27":1,"28":1,"29":1,"30":1,"31":1,"32":2,"33":2,"34":2,"35":2,"36":2,"37":2,"38":2,"39":2,"40":2,"41":2,"42":2,"43":2,"44":2,"45":2,"46":2,"47":2,"48":2,"49":2,"50":2,"51":2,"52":2,"53":2,"54":2,"55":2,"56":2,"57":100,"58":100,"59":100,"60":100,"61":100,"62":100,"63":2,"64":2,"65":2,"66":2,"67":10,"68":10,"69":10,"70":10,"71":10,"72":2,"73":2,"74":2,"75":2,"76":2,"77":2,"78":2,"79":2,"80":2,"81":2,"82":2,"83":2,"84":2,"85":2,"86":2,"87":2,"88":2,"89":2,"90":1,"91":1,"92":2,"93":2,"94":2,"95":24,"96":24,"97":2,"98":2,"99":2,"100":2,"101":2,"102":2,"103":2,"104":2,"105":2,"106":2,"107":2,"108":24,"109":24,"110":2,"111":2,"112":2,"113":2,"114":2,"115":2,"116":2,"117":2,"118":2,"119":2,"120":2,"121":2,"122":2,"123":2,"124":2,"125":2,"126":2,"127":2,"128":2,"129":2,"130":2,"131":2,"132":2,"133":2,"134":2,"135":2,"136":2,"137":1,"138":1,"139":1,"140":1,"141":1,"142":1,"143":1,"144":1,"145":1,"146":1,"147":1,"148":1,"149":1,"150":1,"151":1,"152":1,"153":1,"154":1,"155":1,"156":1,"157":1,"158":1,"159":1,"160":1,"161":1,"162":1,"163":1,"164":1,"165":1,"166":1,"167":1,"168":1,"169":1,"170":1,"171":1,"172":1,"173":10,"174":1,"175":1,"176":1,"177":1,"178":1,"179":1,"180":1,"181":1,"182":1,"183":1,"184":1,"185":1,"186":1,"187":1,"188":1,"189":10,"190":1,"191":1,"192":1,"193":1,"194":3,"195":3,"196":3,"197":3,"198":3,"199":3,"200":3,"201":2,"202":3,"203":3,"204":3,"205":3,"206":3,"207":3,"208":3,"209":3,"210":3,"211":3,"212":3,"213":3,"214":2,"215":2,"216":3,"217":1,"218":1,"219":3,"220":3,"221":3,"222":3,"223":3,"224":1,"225":1,"226":1,"227":1,"228":1,"229":1,"230":1,"231":3,"232":1,"233":1,"234":1,"235":1,"236":1,"237":3,"238":1,"239":1,"240":6,"241":6,"242":6,"243":6,"244":6,"245":2,"246":2,"247":2,"248":2,"249":2,"250":2,"251":6,"252":1,"253":1,"254":1,"255":1,"256":1,"257":6,"258":1,"259":1,"260":1,"261":1,"262":1,"263":1,"264":1,"265":1,"266":1,"267":1,"268":1,"269":1,"270":1,"271":1,"272":1,"273":1,"274":1,"275":1,"276":1,"277":1,"278":1,"279":1,"280":1,"281":1,"282":1,"283":1,"284":1,"285":1,"286":1,"287":1,"288":1,"289":1,"290":1,"291":1,"292":1,"293":3,"294":3,"295":3,"296":3,"297":3,"298":3,"299":3,"300":2,"301":2,"302":2,"303":2,"304":2,"305":2,"306":2,"307":3,"308":3,"309":3,"310":3,"311":3,"312":3,"313":3,"314":3,"315":3,"316":3,"317":3,"318":3,"319":3,"320":3,"321":3,"322":3,"323":3,"324":2,"325":2,"326":2,"327":2,"328":3,"329":1,"330":1,"331":1,"332":3,"333":3,"334":3,"335":3,"336":1,"337":1,"338":3,"339":3,"340":3,"341":3,"342":3,"343":3,"344":3,"345":3,"346":150,"347":150,"348":150,"349":3,"350":3,"351":3,"352":15,"353":1,"354":1,"355":15,"356":3,"357":3,"358":3,"359":3,"360":36,"361":36,"362":2,"363":2,"364":3,"365":3,"366":3,"367":3,"368":6,"369":6,"370":6,"371":6,"372":6,"373":6,"374":6,"375":6,"376":6,"377":6,"378":6,"379":6,"380":6,"381":6,"382":6,"383":6,"384":6,"385":300,"386":1,"387":1,"388":300,"389":6,"390":6,"391":6,"392":30,"393":1,"394":1,"395":30,"396":6,"397":6,"398":6,"399":6,"400":72,"401":72,"402":1,"403":1,"404":6,"405":6,"406":6,"407":3,"408":3,"409":3,"410":3,"411":3,"412":3,"413":3,"414":3,"415":3,"416":3,"417":3,"418":3,"419":3,"420":3,"421":3,"422":3,"423":3,"424":2,"425":3,"426":3,"427":2,"428":2,"429":2,"430":2,"431":2,"432":3,"433":1,"434":1,"435":1,"436":3,"437":1},"branchMap":{"0":{"type":"branch","line":14,"loc":{"start":{"line":14,"column":9},"end":{"line":30,"column":3}},"locations":[{"start":{"line":14,"column":9},"end":{"line":30,"column":3}}]},"1":{"type":"branch","line":32,"loc":{"start":{"line":32,"column":2},"end":{"line":137,"column":3}},"locations":[{"start":{"line":32,"column":2},"end":{"line":137,"column":3}}]},"2":{"type":"branch","line":45,"loc":{"start":{"line":45,"column":71},"end":{"line":45,"column":76}},"locations":[{"start":{"line":45,"column":71},"end":{"line":45,"column":76}}]},"3":{"type":"branch","line":51,"loc":{"start":{"line":51,"column":71},"end":{"line":51,"column":76}},"locations":[{"start":{"line":51,"column":71},"end":{"line":51,"column":76}}]},"4":{"type":"branch","line":57,"loc":{"start":{"line":57,"column":48},"end":{"line":63,"column":5}},"locations":[{"start":{"line":57,"column":48},"end":{"line":63,"column":5}}]},"5":{"type":"branch","line":60,"loc":{"start":{"line":60,"column":31},"end":{"line":60,"column":39}},"locations":[{"start":{"line":60,"column":31},"end":{"line":60,"column":39}}]},"6":{"type":"branch","line":67,"loc":{"start":{"line":67,"column":48},"end":{"line":72,"column":5}},"locations":[{"start":{"line":67,"column":48},"end":{"line":72,"column":5}}]},"7":{"type":"branch","line":90,"loc":{"start":{"line":90,"column":28},"end":{"line":92,"column":5}},"locations":[{"start":{"line":90,"column":28},"end":{"line":92,"column":5}}]},"8":{"type":"branch","line":95,"loc":{"start":{"line":95,"column":50},"end":{"line":98,"column":6}},"locations":[{"start":{"line":95,"column":50},"end":{"line":98,"column":6}}]},"9":{"type":"branch","line":101,"loc":{"start":{"line":101,"column":38},"end":{"line":101,"column":50}},"locations":[{"start":{"line":101,"column":38},"end":{"line":101,"column":50}}]},"10":{"type":"branch","line":101,"loc":{"start":{"line":101,"column":56},"end":{"line":113,"column":5}},"locations":[{"start":{"line":101,"column":56},"end":{"line":113,"column":5}}]},"11":{"type":"branch","line":102,"loc":{"start":{"line":102,"column":56},"end":{"line":102,"column":61}},"locations":[{"start":{"line":102,"column":56},"end":{"line":102,"column":61}}]},"12":{"type":"branch","line":108,"loc":{"start":{"line":108,"column":47},"end":{"line":111,"column":10}},"locations":[{"start":{"line":108,"column":47},"end":{"line":111,"column":10}}]},"13":{"type":"branch","line":110,"loc":{"start":{"line":110,"column":52},"end":{"line":110,"column":57}},"locations":[{"start":{"line":110,"column":52},"end":{"line":110,"column":57}}]},"14":{"type":"branch","line":139,"loc":{"start":{"line":139,"column":2},"end":{"line":162,"column":3}},"locations":[{"start":{"line":139,"column":2},"end":{"line":162,"column":3}}]},"15":{"type":"branch","line":143,"loc":{"start":{"line":143,"column":41},"end":{"line":143,"column":79}},"locations":[{"start":{"line":143,"column":41},"end":{"line":143,"column":79}}]},"16":{"type":"branch","line":144,"loc":{"start":{"line":144,"column":42},"end":{"line":144,"column":81}},"locations":[{"start":{"line":144,"column":42},"end":{"line":144,"column":81}}]},"17":{"type":"branch","line":147,"loc":{"start":{"line":147,"column":39},"end":{"line":147,"column":83}},"locations":[{"start":{"line":147,"column":39},"end":{"line":147,"column":83}}]},"18":{"type":"branch","line":150,"loc":{"start":{"line":150,"column":36},"end":{"line":150,"column":64}},"locations":[{"start":{"line":150,"column":36},"end":{"line":150,"column":64}}]},"19":{"type":"branch","line":151,"loc":{"start":{"line":151,"column":37},"end":{"line":151,"column":65}},"locations":[{"start":{"line":151,"column":37},"end":{"line":151,"column":65}}]},"20":{"type":"branch","line":152,"loc":{"start":{"line":152,"column":38},"end":{"line":152,"column":68}},"locations":[{"start":{"line":152,"column":38},"end":{"line":152,"column":68}}]},"21":{"type":"branch","line":155,"loc":{"start":{"line":155,"column":38},"end":{"line":155,"column":64}},"locations":[{"start":{"line":155,"column":38},"end":{"line":155,"column":64}}]},"22":{"type":"branch","line":156,"loc":{"start":{"line":156,"column":38},"end":{"line":156,"column":64}},"locations":[{"start":{"line":156,"column":38},"end":{"line":156,"column":64}}]},"23":{"type":"branch","line":159,"loc":{"start":{"line":159,"column":48},"end":{"line":159,"column":98}},"locations":[{"start":{"line":159,"column":48},"end":{"line":159,"column":98}}]},"24":{"type":"branch","line":160,"loc":{"start":{"line":160,"column":49},"end":{"line":160,"column":100}},"locations":[{"start":{"line":160,"column":49},"end":{"line":160,"column":100}}]},"25":{"type":"branch","line":161,"loc":{"start":{"line":161,"column":46},"end":{"line":161,"column":96}},"locations":[{"start":{"line":161,"column":46},"end":{"line":161,"column":96}}]},"26":{"type":"branch","line":164,"loc":{"start":{"line":164,"column":2},"end":{"line":166,"column":3}},"locations":[{"start":{"line":164,"column":2},"end":{"line":166,"column":3}}]},"27":{"type":"branch","line":168,"loc":{"start":{"line":168,"column":2},"end":{"line":176,"column":3}},"locations":[{"start":{"line":168,"column":2},"end":{"line":176,"column":3}}]},"28":{"type":"branch","line":171,"loc":{"start":{"line":171,"column":45},"end":{"line":171,"column":78}},"locations":[{"start":{"line":171,"column":45},"end":{"line":171,"column":78}}]},"29":{"type":"branch","line":173,"loc":{"start":{"line":173,"column":18},"end":{"line":175,"column":5}},"locations":[{"start":{"line":173,"column":18},"end":{"line":175,"column":5}}]},"30":{"type":"branch","line":178,"loc":{"start":{"line":178,"column":2},"end":{"line":181,"column":3}},"locations":[{"start":{"line":178,"column":2},"end":{"line":181,"column":3}}]},"31":{"type":"branch","line":183,"loc":{"start":{"line":183,"column":2},"end":{"line":192,"column":3}},"locations":[{"start":{"line":183,"column":2},"end":{"line":192,"column":3}}]},"32":{"type":"branch","line":187,"loc":{"start":{"line":187,"column":45},"end":{"line":187,"column":78}},"locations":[{"start":{"line":187,"column":45},"end":{"line":187,"column":78}}]},"33":{"type":"branch","line":189,"loc":{"start":{"line":189,"column":18},"end":{"line":191,"column":5}},"locations":[{"start":{"line":189,"column":18},"end":{"line":191,"column":5}}]},"34":{"type":"branch","line":194,"loc":{"start":{"line":194,"column":2},"end":{"line":217,"column":3}},"locations":[{"start":{"line":194,"column":2},"end":{"line":217,"column":3}}]},"35":{"type":"branch","line":201,"loc":{"start":{"line":201,"column":15},"end":{"line":201,"column":22}},"locations":[{"start":{"line":201,"column":15},"end":{"line":201,"column":22}}]},"36":{"type":"branch","line":201,"loc":{"start":{"line":201,"column":21},"end":{"line":203,"column":49}},"locations":[{"start":{"line":201,"column":21},"end":{"line":203,"column":49}}]},"37":{"type":"branch","line":203,"loc":{"start":{"line":203,"column":49},"end":{"line":203,"column":54}},"locations":[{"start":{"line":203,"column":49},"end":{"line":203,"column":54}}]},"38":{"type":"branch","line":214,"loc":{"start":{"line":214,"column":47},"end":{"line":217,"column":2}},"locations":[{"start":{"line":214,"column":47},"end":{"line":217,"column":2}}]},"39":{"type":"branch","line":198,"loc":{"start":{"line":198,"column":16},"end":{"line":198,"column":70}},"locations":[{"start":{"line":198,"column":16},"end":{"line":198,"column":70}}]},"40":{"type":"branch","line":219,"loc":{"start":{"line":219,"column":2},"end":{"line":238,"column":3}},"locations":[{"start":{"line":219,"column":2},"end":{"line":238,"column":3}}]},"41":{"type":"branch","line":221,"loc":{"start":{"line":221,"column":49},"end":{"line":221,"column":54}},"locations":[{"start":{"line":221,"column":49},"end":{"line":221,"column":54}}]},"42":{"type":"branch","line":224,"loc":{"start":{"line":224,"column":17},"end":{"line":224,"column":24}},"locations":[{"start":{"line":224,"column":17},"end":{"line":224,"column":24}}]},"43":{"type":"branch","line":224,"loc":{"start":{"line":224,"column":23},"end":{"line":232,"column":68}},"locations":[{"start":{"line":224,"column":23},"end":{"line":232,"column":68}}]},"44":{"type":"branch","line":232,"loc":{"start":{"line":232,"column":69},"end":{"line":238,"column":2}},"locations":[{"start":{"line":232,"column":69},"end":{"line":238,"column":2}}]},"45":{"type":"branch","line":240,"loc":{"start":{"line":240,"column":2},"end":{"line":258,"column":3}},"locations":[{"start":{"line":240,"column":2},"end":{"line":258,"column":3}}]},"46":{"type":"branch","line":243,"loc":{"start":{"line":243,"column":49},"end":{"line":243,"column":54}},"locations":[{"start":{"line":243,"column":49},"end":{"line":243,"column":54}}]},"47":{"type":"branch","line":245,"loc":{"start":{"line":245,"column":18},"end":{"line":245,"column":44}},"locations":[{"start":{"line":245,"column":18},"end":{"line":245,"column":44}}]},"48":{"type":"branch","line":245,"loc":{"start":{"line":245,"column":46},"end":{"line":245,"column":53}},"locations":[{"start":{"line":245,"column":46},"end":{"line":245,"column":53}}]},"49":{"type":"branch","line":245,"loc":{"start":{"line":245,"column":52},"end":{"line":252,"column":20}},"locations":[{"start":{"line":245,"column":52},"end":{"line":252,"column":20}}]},"50":{"type":"branch","line":252,"loc":{"start":{"line":252,"column":20},"end":{"line":258,"column":2}},"locations":[{"start":{"line":252,"column":20},"end":{"line":258,"column":2}}]},"51":{"type":"branch","line":260,"loc":{"start":{"line":260,"column":2},"end":{"line":291,"column":3}},"locations":[{"start":{"line":260,"column":2},"end":{"line":291,"column":3}}]},"52":{"type":"branch","line":293,"loc":{"start":{"line":293,"column":2},"end":{"line":336,"column":3}},"locations":[{"start":{"line":293,"column":2},"end":{"line":336,"column":3}}]},"53":{"type":"branch","line":298,"loc":{"start":{"line":298,"column":21},"end":{"line":333,"column":5}},"locations":[{"start":{"line":298,"column":21},"end":{"line":333,"column":5}}]},"54":{"type":"branch","line":300,"loc":{"start":{"line":300,"column":17},"end":{"line":300,"column":24}},"locations":[{"start":{"line":300,"column":17},"end":{"line":300,"column":24}}]},"55":{"type":"branch","line":300,"loc":{"start":{"line":300,"column":23},"end":{"line":308,"column":49}},"locations":[{"start":{"line":300,"column":23},"end":{"line":308,"column":49}}]},"56":{"type":"branch","line":308,"loc":{"start":{"line":308,"column":49},"end":{"line":308,"column":115}},"locations":[{"start":{"line":308,"column":49},"end":{"line":308,"column":115}}]},"57":{"type":"branch","line":308,"loc":{"start":{"line":308,"column":114},"end":{"line":309,"column":44}},"locations":[{"start":{"line":308,"column":114},"end":{"line":309,"column":44}}]},"58":{"type":"branch","line":309,"loc":{"start":{"line":309,"column":44},"end":{"line":309,"column":101}},"locations":[{"start":{"line":309,"column":44},"end":{"line":309,"column":101}}]},"59":{"type":"branch","line":309,"loc":{"start":{"line":309,"column":100},"end":{"line":310,"column":51}},"locations":[{"start":{"line":309,"column":100},"end":{"line":310,"column":51}}]},"60":{"type":"branch","line":310,"loc":{"start":{"line":310,"column":51},"end":{"line":310,"column":122}},"locations":[{"start":{"line":310,"column":51},"end":{"line":310,"column":122}}]},"61":{"type":"branch","line":310,"loc":{"start":{"line":310,"column":121},"end":{"line":311,"column":52}},"locations":[{"start":{"line":310,"column":121},"end":{"line":311,"column":52}}]},"62":{"type":"branch","line":311,"loc":{"start":{"line":311,"column":52},"end":{"line":311,"column":125}},"locations":[{"start":{"line":311,"column":52},"end":{"line":311,"column":125}}]},"63":{"type":"branch","line":311,"loc":{"start":{"line":311,"column":124},"end":{"line":312,"column":46}},"locations":[{"start":{"line":311,"column":124},"end":{"line":312,"column":46}}]},"64":{"type":"branch","line":312,"loc":{"start":{"line":312,"column":46},"end":{"line":312,"column":106}},"locations":[{"start":{"line":312,"column":46},"end":{"line":312,"column":106}}]},"65":{"type":"branch","line":312,"loc":{"start":{"line":312,"column":105},"end":{"line":313,"column":52}},"locations":[{"start":{"line":312,"column":105},"end":{"line":313,"column":52}}]},"66":{"type":"branch","line":313,"loc":{"start":{"line":313,"column":52},"end":{"line":313,"column":125}},"locations":[{"start":{"line":313,"column":52},"end":{"line":313,"column":125}}]},"67":{"type":"branch","line":313,"loc":{"start":{"line":313,"column":124},"end":{"line":314,"column":51}},"locations":[{"start":{"line":313,"column":124},"end":{"line":314,"column":51}}]},"68":{"type":"branch","line":314,"loc":{"start":{"line":314,"column":51},"end":{"line":314,"column":122}},"locations":[{"start":{"line":314,"column":51},"end":{"line":314,"column":122}}]},"69":{"type":"branch","line":314,"loc":{"start":{"line":314,"column":121},"end":{"line":315,"column":43}},"locations":[{"start":{"line":314,"column":121},"end":{"line":315,"column":43}}]},"70":{"type":"branch","line":315,"loc":{"start":{"line":315,"column":43},"end":{"line":315,"column":97}},"locations":[{"start":{"line":315,"column":43},"end":{"line":315,"column":97}}]},"71":{"type":"branch","line":315,"loc":{"start":{"line":315,"column":96},"end":{"line":316,"column":46}},"locations":[{"start":{"line":315,"column":96},"end":{"line":316,"column":46}}]},"72":{"type":"branch","line":316,"loc":{"start":{"line":316,"column":46},"end":{"line":316,"column":106}},"locations":[{"start":{"line":316,"column":46},"end":{"line":316,"column":106}}]},"73":{"type":"branch","line":316,"loc":{"start":{"line":316,"column":105},"end":{"line":317,"column":54}},"locations":[{"start":{"line":316,"column":105},"end":{"line":317,"column":54}}]},"74":{"type":"branch","line":317,"loc":{"start":{"line":317,"column":54},"end":{"line":317,"column":131}},"locations":[{"start":{"line":317,"column":54},"end":{"line":317,"column":131}}]},"75":{"type":"branch","line":317,"loc":{"start":{"line":317,"column":130},"end":{"line":318,"column":53}},"locations":[{"start":{"line":317,"column":130},"end":{"line":318,"column":53}}]},"76":{"type":"branch","line":318,"loc":{"start":{"line":318,"column":53},"end":{"line":318,"column":128}},"locations":[{"start":{"line":318,"column":53},"end":{"line":318,"column":128}}]},"77":{"type":"branch","line":318,"loc":{"start":{"line":318,"column":127},"end":{"line":319,"column":42}},"locations":[{"start":{"line":318,"column":127},"end":{"line":319,"column":42}}]},"78":{"type":"branch","line":319,"loc":{"start":{"line":319,"column":42},"end":{"line":319,"column":93}},"locations":[{"start":{"line":319,"column":42},"end":{"line":319,"column":93}}]},"79":{"type":"branch","line":319,"loc":{"start":{"line":319,"column":92},"end":{"line":320,"column":52}},"locations":[{"start":{"line":319,"column":92},"end":{"line":320,"column":52}}]},"80":{"type":"branch","line":320,"loc":{"start":{"line":320,"column":52},"end":{"line":320,"column":124}},"locations":[{"start":{"line":320,"column":52},"end":{"line":320,"column":124}}]},"81":{"type":"branch","line":320,"loc":{"start":{"line":320,"column":123},"end":{"line":321,"column":32}},"locations":[{"start":{"line":320,"column":123},"end":{"line":321,"column":32}}]},"82":{"type":"branch","line":321,"loc":{"start":{"line":321,"column":32},"end":{"line":321,"column":92}},"locations":[{"start":{"line":321,"column":32},"end":{"line":321,"column":92}}]},"83":{"type":"branch","line":321,"loc":{"start":{"line":321,"column":91},"end":{"line":322,"column":38}},"locations":[{"start":{"line":321,"column":91},"end":{"line":322,"column":38}}]},"84":{"type":"branch","line":322,"loc":{"start":{"line":322,"column":38},"end":{"line":322,"column":111}},"locations":[{"start":{"line":322,"column":38},"end":{"line":322,"column":111}}]},"85":{"type":"branch","line":322,"loc":{"start":{"line":322,"column":110},"end":{"line":323,"column":28}},"locations":[{"start":{"line":322,"column":110},"end":{"line":323,"column":28}}]},"86":{"type":"branch","line":323,"loc":{"start":{"line":323,"column":28},"end":{"line":323,"column":79}},"locations":[{"start":{"line":323,"column":28},"end":{"line":323,"column":79}}]},"87":{"type":"branch","line":323,"loc":{"start":{"line":323,"column":78},"end":{"line":324,"column":38}},"locations":[{"start":{"line":323,"column":78},"end":{"line":324,"column":38}}]},"88":{"type":"branch","line":324,"loc":{"start":{"line":324,"column":38},"end":{"line":324,"column":111}},"locations":[{"start":{"line":324,"column":38},"end":{"line":324,"column":111}}]},"89":{"type":"branch","line":324,"loc":{"start":{"line":324,"column":110},"end":{"line":329,"column":8}},"locations":[{"start":{"line":324,"column":110},"end":{"line":329,"column":8}}]},"90":{"type":"branch","line":329,"loc":{"start":{"line":329,"column":8},"end":{"line":332,"column":7}},"locations":[{"start":{"line":329,"column":8},"end":{"line":332,"column":7}}]},"91":{"type":"branch","line":338,"loc":{"start":{"line":338,"column":2},"end":{"line":437,"column":3}},"locations":[{"start":{"line":338,"column":2},"end":{"line":437,"column":3}}]},"92":{"type":"branch","line":346,"loc":{"start":{"line":346,"column":50},"end":{"line":349,"column":7}},"locations":[{"start":{"line":346,"column":50},"end":{"line":349,"column":7}}]},"93":{"type":"branch","line":347,"loc":{"start":{"line":347,"column":29},"end":{"line":347,"column":38}},"locations":[{"start":{"line":347,"column":29},"end":{"line":347,"column":38}}]},"94":{"type":"branch","line":347,"loc":{"start":{"line":347,"column":37},"end":{"line":348,"column":47}},"locations":[{"start":{"line":347,"column":37},"end":{"line":348,"column":47}}]},"95":{"type":"branch","line":348,"loc":{"start":{"line":348,"column":47},"end":{"line":348,"column":55}},"locations":[{"start":{"line":348,"column":47},"end":{"line":348,"column":55}}]},"96":{"type":"branch","line":352,"loc":{"start":{"line":352,"column":50},"end":{"line":356,"column":7}},"locations":[{"start":{"line":352,"column":50},"end":{"line":356,"column":7}}]},"97":{"type":"branch","line":353,"loc":{"start":{"line":353,"column":35},"end":{"line":355,"column":9}},"locations":[{"start":{"line":353,"column":35},"end":{"line":355,"column":9}}]},"98":{"type":"branch","line":413,"loc":{"start":{"line":413,"column":58},"end":{"line":414,"column":73}},"locations":[{"start":{"line":413,"column":58},"end":{"line":414,"column":73}}]},"99":{"type":"branch","line":414,"loc":{"start":{"line":414,"column":73},"end":{"line":414,"column":81}},"locations":[{"start":{"line":414,"column":73},"end":{"line":414,"column":81}}]},"100":{"type":"branch","line":414,"loc":{"start":{"line":414,"column":82},"end":{"line":415,"column":64}},"locations":[{"start":{"line":414,"column":82},"end":{"line":415,"column":64}}]},"101":{"type":"branch","line":415,"loc":{"start":{"line":415,"column":64},"end":{"line":415,"column":72}},"locations":[{"start":{"line":415,"column":64},"end":{"line":415,"column":72}}]},"102":{"type":"branch","line":415,"loc":{"start":{"line":415,"column":73},"end":{"line":416,"column":78}},"locations":[{"start":{"line":415,"column":73},"end":{"line":416,"column":78}}]},"103":{"type":"branch","line":416,"loc":{"start":{"line":416,"column":78},"end":{"line":416,"column":86}},"locations":[{"start":{"line":416,"column":78},"end":{"line":416,"column":86}}]},"104":{"type":"branch","line":416,"loc":{"start":{"line":416,"column":87},"end":{"line":417,"column":80}},"locations":[{"start":{"line":416,"column":87},"end":{"line":417,"column":80}}]},"105":{"type":"branch","line":417,"loc":{"start":{"line":417,"column":80},"end":{"line":417,"column":88}},"locations":[{"start":{"line":417,"column":80},"end":{"line":417,"column":88}}]},"106":{"type":"branch","line":417,"loc":{"start":{"line":417,"column":89},"end":{"line":418,"column":67}},"locations":[{"start":{"line":417,"column":89},"end":{"line":418,"column":67}}]},"107":{"type":"branch","line":418,"loc":{"start":{"line":418,"column":67},"end":{"line":418,"column":75}},"locations":[{"start":{"line":418,"column":67},"end":{"line":418,"column":75}}]},"108":{"type":"branch","line":418,"loc":{"start":{"line":418,"column":76},"end":{"line":419,"column":80}},"locations":[{"start":{"line":418,"column":76},"end":{"line":419,"column":80}}]},"109":{"type":"branch","line":419,"loc":{"start":{"line":419,"column":80},"end":{"line":419,"column":88}},"locations":[{"start":{"line":419,"column":80},"end":{"line":419,"column":88}}]},"110":{"type":"branch","line":419,"loc":{"start":{"line":419,"column":89},"end":{"line":420,"column":78}},"locations":[{"start":{"line":419,"column":89},"end":{"line":420,"column":78}}]},"111":{"type":"branch","line":420,"loc":{"start":{"line":420,"column":78},"end":{"line":420,"column":86}},"locations":[{"start":{"line":420,"column":78},"end":{"line":420,"column":86}}]},"112":{"type":"branch","line":420,"loc":{"start":{"line":420,"column":87},"end":{"line":421,"column":61}},"locations":[{"start":{"line":420,"column":87},"end":{"line":421,"column":61}}]},"113":{"type":"branch","line":421,"loc":{"start":{"line":421,"column":61},"end":{"line":421,"column":69}},"locations":[{"start":{"line":421,"column":61},"end":{"line":421,"column":69}}]},"114":{"type":"branch","line":421,"loc":{"start":{"line":421,"column":70},"end":{"line":422,"column":67}},"locations":[{"start":{"line":421,"column":70},"end":{"line":422,"column":67}}]},"115":{"type":"branch","line":422,"loc":{"start":{"line":422,"column":67},"end":{"line":422,"column":75}},"locations":[{"start":{"line":422,"column":67},"end":{"line":422,"column":75}}]},"116":{"type":"branch","line":422,"loc":{"start":{"line":422,"column":76},"end":{"line":423,"column":84}},"locations":[{"start":{"line":422,"column":76},"end":{"line":423,"column":84}}]},"117":{"type":"branch","line":423,"loc":{"start":{"line":423,"column":84},"end":{"line":423,"column":92}},"locations":[{"start":{"line":423,"column":84},"end":{"line":423,"column":92}}]},"118":{"type":"branch","line":423,"loc":{"start":{"line":423,"column":93},"end":{"line":424,"column":82}},"locations":[{"start":{"line":423,"column":93},"end":{"line":424,"column":82}}]},"119":{"type":"branch","line":424,"loc":{"start":{"line":424,"column":82},"end":{"line":424,"column":90}},"locations":[{"start":{"line":424,"column":82},"end":{"line":424,"column":90}}]},"120":{"type":"branch","line":424,"loc":{"start":{"line":424,"column":91},"end":{"line":426,"column":68}},"locations":[{"start":{"line":424,"column":91},"end":{"line":426,"column":68}}]},"121":{"type":"branch","line":426,"loc":{"start":{"line":426,"column":68},"end":{"line":426,"column":74}},"locations":[{"start":{"line":426,"column":68},"end":{"line":426,"column":74}}]},"122":{"type":"branch","line":426,"loc":{"start":{"line":426,"column":75},"end":{"line":427,"column":89}},"locations":[{"start":{"line":426,"column":75},"end":{"line":427,"column":89}}]},"123":{"type":"branch","line":427,"loc":{"start":{"line":427,"column":89},"end":{"line":427,"column":95}},"locations":[{"start":{"line":427,"column":89},"end":{"line":427,"column":95}}]},"124":{"type":"branch","line":427,"loc":{"start":{"line":427,"column":96},"end":{"line":433,"column":6}},"locations":[{"start":{"line":427,"column":96},"end":{"line":433,"column":6}}]},"125":{"type":"branch","line":433,"loc":{"start":{"line":433,"column":6},"end":{"line":436,"column":5}},"locations":[{"start":{"line":433,"column":6},"end":{"line":436,"column":5}}]},"126":{"type":"branch","line":360,"loc":{"start":{"line":360,"column":21},"end":{"line":365,"column":7}},"locations":[{"start":{"line":360,"column":21},"end":{"line":365,"column":7}}]},"127":{"type":"branch","line":362,"loc":{"start":{"line":362,"column":27},"end":{"line":364,"column":9}},"locations":[{"start":{"line":362,"column":27},"end":{"line":364,"column":9}}]},"128":{"type":"branch","line":368,"loc":{"start":{"line":368,"column":24},"end":{"line":368,"column":36}},"locations":[{"start":{"line":368,"column":24},"end":{"line":368,"column":36}}]},"129":{"type":"branch","line":368,"loc":{"start":{"line":368,"column":46},"end":{"line":408,"column":7}},"locations":[{"start":{"line":368,"column":46},"end":{"line":408,"column":7}}]},"130":{"type":"branch","line":370,"loc":{"start":{"line":370,"column":77},"end":{"line":370,"column":85}},"locations":[{"start":{"line":370,"column":77},"end":{"line":370,"column":85}}]},"131":{"type":"branch","line":385,"loc":{"start":{"line":385,"column":52},"end":{"line":389,"column":9}},"locations":[{"start":{"line":385,"column":52},"end":{"line":389,"column":9}}]},"132":{"type":"branch","line":386,"loc":{"start":{"line":386,"column":55},"end":{"line":388,"column":11}},"locations":[{"start":{"line":386,"column":55},"end":{"line":388,"column":11}}]},"133":{"type":"branch","line":392,"loc":{"start":{"line":392,"column":52},"end":{"line":396,"column":9}},"locations":[{"start":{"line":392,"column":52},"end":{"line":396,"column":9}}]},"134":{"type":"branch","line":393,"loc":{"start":{"line":393,"column":55},"end":{"line":395,"column":11}},"locations":[{"start":{"line":393,"column":55},"end":{"line":395,"column":11}}]},"135":{"type":"branch","line":400,"loc":{"start":{"line":400,"column":28},"end":{"line":405,"column":9}},"locations":[{"start":{"line":400,"column":28},"end":{"line":405,"column":9}}]},"136":{"type":"branch","line":402,"loc":{"start":{"line":402,"column":27},"end":{"line":404,"column":9}},"locations":[{"start":{"line":402,"column":27},"end":{"line":404,"column":9}}]}},"b":{"0":[1],"1":[2],"2":[1],"3":[1],"4":[100],"5":[99],"6":[10],"7":[1],"8":[24],"9":[3],"10":[2],"11":[1],"12":[24],"13":[12],"14":[1],"15":[1],"16":[1],"17":[1],"18":[1],"19":[1],"20":[1],"21":[1],"22":[1],"23":[1],"24":[1],"25":[1],"26":[1],"27":[1],"28":[10],"29":[10],"30":[1],"31":[1],"32":[10],"33":[10],"34":[3],"35":[1],"36":[2],"37":[1],"38":[2],"39":[1],"40":[3],"41":[1],"42":[2],"43":[1],"44":[1],"45":[6],"46":[4],"47":[5],"48":[4],"49":[2],"50":[1],"51":[1],"52":[3],"53":[3],"54":[1],"55":[2],"56":[1],"57":[2],"58":[1],"59":[2],"60":[1],"61":[2],"62":[1],"63":[2],"64":[1],"65":[2],"66":[1],"67":[2],"68":[1],"69":[2],"70":[1],"71":[2],"72":[1],"73":[2],"74":[1],"75":[2],"76":[1],"77":[2],"78":[1],"79":[2],"80":[1],"81":[2],"82":[1],"83":[2],"84":[1],"85":[2],"86":[1],"87":[2],"88":[1],"89":[2],"90":[1],"91":[3],"92":[150],"93":[1],"94":[149],"95":[148],"96":[15],"97":[1],"98":[2],"99":[1],"100":[2],"101":[1],"102":[2],"103":[1],"104":[2],"105":[1],"106":[2],"107":[1],"108":[2],"109":[1],"110":[2],"111":[1],"112":[2],"113":[1],"114":[2],"115":[1],"116":[2],"117":[1],"118":[2],"119":[1],"120":[2],"121":[1],"122":[2],"123":[1],"124":[2],"125":[1],"126":[36],"127":[2],"128":[9],"129":[6],"130":[5],"131":[300],"132":[1],"133":[30],"134":[1],"135":[72],"136":[1]},"fnMap":{"0":{"name":"get defaultOptions","decl":{"start":{"line":14,"column":9},"end":{"line":30,"column":3}},"loc":{"start":{"line":14,"column":9},"end":{"line":30,"column":3}},"line":14},"1":{"name":"getData","decl":{"start":{"line":32,"column":2},"end":{"line":137,"column":3}},"loc":{"start":{"line":32,"column":2},"end":{"line":137,"column":3}},"line":32},"2":{"name":"activateListeners","decl":{"start":{"line":139,"column":2},"end":{"line":162,"column":3}},"loc":{"start":{"line":139,"column":2},"end":{"line":162,"column":3}},"line":139},"3":{"name":"_selectAllSlots","decl":{"start":{"line":164,"column":2},"end":{"line":166,"column":3}},"loc":{"start":{"line":164,"column":2},"end":{"line":166,"column":3}},"line":164},"4":{"name":"_onPageCheckboxChange","decl":{"start":{"line":168,"column":2},"end":{"line":176,"column":3}},"loc":{"start":{"line":168,"column":2},"end":{"line":176,"column":3}},"line":168},"5":{"name":"_selectAllPlayerSlots","decl":{"start":{"line":178,"column":2},"end":{"line":181,"column":3}},"loc":{"start":{"line":178,"column":2},"end":{"line":181,"column":3}},"line":178},"6":{"name":"_onPlayerPageCheckboxChange","decl":{"start":{"line":183,"column":2},"end":{"line":192,"column":3}},"loc":{"start":{"line":183,"column":2},"end":{"line":192,"column":3}},"line":183},"7":{"name":"_savePreset","decl":{"start":{"line":194,"column":2},"end":{"line":217,"column":3}},"loc":{"start":{"line":194,"column":2},"end":{"line":217,"column":3}},"line":194},"8":{"name":"callback","decl":{"start":{"line":198,"column":16},"end":{"line":198,"column":70}},"loc":{"start":{"line":198,"column":16},"end":{"line":198,"column":70}},"line":198},"9":{"name":"_loadPreset","decl":{"start":{"line":219,"column":2},"end":{"line":238,"column":3}},"loc":{"start":{"line":219,"column":2},"end":{"line":238,"column":3}},"line":219},"10":{"name":"_deletePreset","decl":{"start":{"line":240,"column":2},"end":{"line":258,"column":3}},"loc":{"start":{"line":240,"column":2},"end":{"line":258,"column":3}},"line":240},"11":{"name":"_exportConfig","decl":{"start":{"line":260,"column":2},"end":{"line":291,"column":3}},"loc":{"start":{"line":260,"column":2},"end":{"line":291,"column":3}},"line":260},"12":{"name":"_importConfig","decl":{"start":{"line":293,"column":2},"end":{"line":336,"column":3}},"loc":{"start":{"line":293,"column":2},"end":{"line":336,"column":3}},"line":293},"13":{"name":"input.onchange","decl":{"start":{"line":298,"column":21},"end":{"line":333,"column":5}},"loc":{"start":{"line":298,"column":21},"end":{"line":333,"column":5}},"line":298},"14":{"name":"_updateObject","decl":{"start":{"line":338,"column":2},"end":{"line":437,"column":3}},"loc":{"start":{"line":338,"column":2},"end":{"line":437,"column":3}},"line":338}},"f":{"0":1,"1":2,"2":1,"3":1,"4":1,"5":1,"6":1,"7":3,"8":1,"9":3,"10":6,"11":1,"12":3,"13":3,"14":3}}
,"C:\\Users\\thugg\\OneDrive\\Desktop\\a\\Local Dev Enviorment\\Complete\\rnk-hide-em\\scripts\\constants.js": {"path":"C:\\Users\\thugg\\OneDrive\\Desktop\\a\\Local Dev Enviorment\\Complete\\rnk-hide-em\\scripts\\constants.js","all":false,"statementMap":{"0":{"start":{"line":1,"column":0},"end":{"line":1,"column":3}},"1":{"start":{"line":2,"column":0},"end":{"line":2,"column":45}},"2":{"start":{"line":3,"column":0},"end":{"line":3,"column":22}},"3":{"start":{"line":4,"column":0},"end":{"line":4,"column":3}},"4":{"start":{"line":5,"column":0},"end":{"line":5,"column":0}},"5":{"start":{"line":6,"column":0},"end":{"line":6,"column":39}},"6":{"start":{"line":7,"column":0},"end":{"line":7,"column":42}},"7":{"start":{"line":8,"column":0},"end":{"line":8,"column":0}},"8":{"start":{"line":9,"column":0},"end":{"line":9,"column":25}},"9":{"start":{"line":10,"column":0},"end":{"line":10,"column":30}},"10":{"start":{"line":11,"column":0},"end":{"line":11,"column":36}},"11":{"start":{"line":12,"column":0},"end":{"line":12,"column":27}},"12":{"start":{"line":13,"column":0},"end":{"line":13,"column":41}},"13":{"start":{"line":14,"column":0},"end":{"line":14,"column":43}},"14":{"start":{"line":15,"column":0},"end":{"line":15,"column":30}},"15":{"start":{"line":16,"column":0},"end":{"line":16,"column":43}},"16":{"start":{"line":17,"column":0},"end":{"line":17,"column":41}},"17":{"start":{"line":18,"column":0},"end":{"line":18,"column":24}},"18":{"start":{"line":19,"column":0},"end":{"line":19,"column":30}},"19":{"start":{"line":20,"column":0},"end":{"line":20,"column":47}},"20":{"start":{"line":21,"column":0},"end":{"line":21,"column":45}},"21":{"start":{"line":22,"column":0},"end":{"line":22,"column":43}},"22":{"start":{"line":23,"column":0},"end":{"line":23,"column":25}},"23":{"start":{"line":24,"column":0},"end":{"line":24,"column":42}},"24":{"start":{"line":25,"column":0},"end":{"line":25,"column":21}},"25":{"start":{"line":26,"column":0},"end":{"line":26,"column":32}},"26":{"start":{"line":27,"column":0},"end":{"line":27,"column":30}},"27":{"start":{"line":28,"column":0},"end":{"line":28,"column":42}},"28":{"start":{"line":29,"column":0},"end":{"line":29,"column":2}},"29":{"start":{"line":30,"column":0},"end":{"line":30,"column":0}},"30":{"start":{"line":31,"column":0},"end":{"line":31,"column":25}},"31":{"start":{"line":32,"column":0},"end":{"line":32,"column":19}},"32":{"start":{"line":33,"column":0},"end":{"line":33,"column":25}},"33":{"start":{"line":34,"column":0},"end":{"line":34,"column":21}},"34":{"start":{"line":35,"column":0},"end":{"line":35,"column":28}},"35":{"start":{"line":36,"column":0},"end":{"line":36,"column":29}},"36":{"start":{"line":37,"column":0},"end":{"line":37,"column":22}},"37":{"start":{"line":38,"column":0},"end":{"line":38,"column":29}},"38":{"start":{"line":39,"column":0},"end":{"line":39,"column":28}},"39":{"start":{"line":40,"column":0},"end":{"line":40,"column":19}},"40":{"start":{"line":41,"column":0},"end":{"line":41,"column":22}},"41":{"start":{"line":42,"column":0},"end":{"line":42,"column":31}},"42":{"start":{"line":43,"column":0},"end":{"line":43,"column":30}},"43":{"start":{"line":44,"column":0},"end":{"line":44,"column":26}},"44":{"start":{"line":45,"column":0},"end":{"line":45,"column":15}},"45":{"start":{"line":46,"column":0},"end":{"line":46,"column":26}},"46":{"start":{"line":47,"column":0},"end":{"line":47,"column":14}},"47":{"start":{"line":48,"column":0},"end":{"line":48,"column":22}},"48":{"start":{"line":49,"column":0},"end":{"line":49,"column":19}},"49":{"start":{"line":50,"column":0},"end":{"line":50,"column":25}},"50":{"start":{"line":51,"column":0},"end":{"line":51,"column":2}},"51":{"start":{"line":52,"column":0},"end":{"line":52,"column":0}},"52":{"start":{"line":53,"column":0},"end":{"line":53,"column":23}},"53":{"start":{"line":54,"column":0},"end":{"line":54,"column":16}},"54":{"start":{"line":55,"column":0},"end":{"line":55,"column":21}},"55":{"start":{"line":56,"column":0},"end":{"line":56,"column":14}},"56":{"start":{"line":57,"column":0},"end":{"line":57,"column":2}},"57":{"start":{"line":58,"column":0},"end":{"line":58,"column":0}},"58":{"start":{"line":59,"column":0},"end":{"line":59,"column":28}},"59":{"start":{"line":60,"column":0},"end":{"line":60,"column":27}},"60":{"start":{"line":61,"column":0},"end":{"line":61,"column":2}},"61":{"start":{"line":62,"column":0},"end":{"line":62,"column":0}},"62":{"start":{"line":63,"column":0},"end":{"line":63,"column":24}},"63":{"start":{"line":64,"column":0},"end":{"line":64,"column":44}},"64":{"start":{"line":65,"column":0},"end":{"line":65,"column":2}}},"s":{"0":1,"1":1,"2":1,"3":1,"4":1,"5":1,"6":1,"7":1,"8":1,"9":1,"10":1,"11":1,"12":1,"13":1,"14":1,"15":1,"16":1,"17":1,"18":1,"19":1,"20":1,"21":1,"22":1,"23":1,"24":1,"25":1,"26":1,"27":1,"28":1,"29":1,"30":1,"31":1,"32":1,"33":1,"34":1,"35":1,"36":1,"37":1,"38":1,"39":1,"40":1,"41":1,"42":1,"43":1,"44":1,"45":1,"46":1,"47":1,"48":1,"49":1,"50":1,"51":1,"52":1,"53":1,"54":1,"55":1,"56":1,"57":1,"58":1,"59":1,"60":1,"61":1,"62":1,"63":1,"64":1},"branchMap":{},"b":{},"fnMap":{},"f":{}}
,"C:\\Users\\thugg\\OneDrive\\Desktop\\a\\Local Dev Enviorment\\Complete\\rnk-hide-em\\scripts\\hooks.js": {"path":"C:\\Users\\thugg\\OneDrive\\Desktop\\a\\Local Dev Enviorment\\Complete\\rnk-hide-em\\scripts\\hooks.js","all":false,"statementMap":{"0":{"start":{"line":1,"column":0},"end":{"line":1,"column":3}},"1":{"start":{"line":2,"column":0},"end":{"line":2,"column":45}},"2":{"start":{"line":3,"column":0},"end":{"line":3,"column":22}},"3":{"start":{"line":4,"column":0},"end":{"line":4,"column":3}},"4":{"start":{"line":5,"column":0},"end":{"line":5,"column":0}},"5":{"start":{"line":6,"column":0},"end":{"line":6,"column":63}},"6":{"start":{"line":7,"column":0},"end":{"line":7,"column":54}},"7":{"start":{"line":8,"column":0},"end":{"line":8,"column":56}},"8":{"start":{"line":9,"column":0},"end":{"line":9,"column":40}},"9":{"start":{"line":10,"column":0},"end":{"line":10,"column":0}},"10":{"start":{"line":11,"column":0},"end":{"line":11,"column":3}},"11":{"start":{"line":12,"column":0},"end":{"line":12,"column":41}},"12":{"start":{"line":13,"column":0},"end":{"line":13,"column":3}},"13":{"start":{"line":14,"column":0},"end":{"line":14,"column":28}},"14":{"start":{"line":15,"column":0},"end":{"line":15,"column":65}},"15":{"start":{"line":16,"column":0},"end":{"line":16,"column":31}},"16":{"start":{"line":17,"column":0},"end":{"line":17,"column":62}},"17":{"start":{"line":18,"column":0},"end":{"line":18,"column":15}},"18":{"start":{"line":19,"column":0},"end":{"line":19,"column":52}},"19":{"start":{"line":20,"column":0},"end":{"line":20,"column":6}},"20":{"start":{"line":21,"column":0},"end":{"line":21,"column":19}},"21":{"start":{"line":22,"column":0},"end":{"line":22,"column":27}},"22":{"start":{"line":23,"column":0},"end":{"line":23,"column":44}},"23":{"start":{"line":24,"column":0},"end":{"line":24,"column":7}},"24":{"start":{"line":25,"column":0},"end":{"line":25,"column":6}},"25":{"start":{"line":26,"column":0},"end":{"line":26,"column":21}},"26":{"start":{"line":27,"column":0},"end":{"line":27,"column":50}},"27":{"start":{"line":28,"column":0},"end":{"line":28,"column":5}},"28":{"start":{"line":29,"column":0},"end":{"line":29,"column":1}},"29":{"start":{"line":30,"column":0},"end":{"line":30,"column":0}},"30":{"start":{"line":31,"column":0},"end":{"line":31,"column":3}},"31":{"start":{"line":32,"column":0},"end":{"line":32,"column":36}},"32":{"start":{"line":33,"column":0},"end":{"line":33,"column":3}},"33":{"start":{"line":34,"column":0},"end":{"line":34,"column":29}},"34":{"start":{"line":35,"column":0},"end":{"line":35,"column":32}},"35":{"start":{"line":36,"column":0},"end":{"line":36,"column":23}},"36":{"start":{"line":37,"column":0},"end":{"line":37,"column":1}},"37":{"start":{"line":38,"column":0},"end":{"line":38,"column":0}},"38":{"start":{"line":39,"column":0},"end":{"line":39,"column":3}},"39":{"start":{"line":40,"column":0},"end":{"line":40,"column":50}},"40":{"start":{"line":41,"column":0},"end":{"line":41,"column":3}},"41":{"start":{"line":42,"column":0},"end":{"line":42,"column":53}},"42":{"start":{"line":43,"column":0},"end":{"line":43,"column":30}},"43":{"start":{"line":44,"column":0},"end":{"line":44,"column":0}},"44":{"start":{"line":45,"column":0},"end":{"line":45,"column":50}},"45":{"start":{"line":46,"column":0},"end":{"line":46,"column":42}},"46":{"start":{"line":47,"column":0},"end":{"line":47,"column":71}},"47":{"start":{"line":48,"column":0},"end":{"line":48,"column":42}},"48":{"start":{"line":49,"column":0},"end":{"line":49,"column":40}},"49":{"start":{"line":50,"column":0},"end":{"line":50,"column":5}},"50":{"start":{"line":51,"column":0},"end":{"line":51,"column":0}},"51":{"start":{"line":52,"column":0},"end":{"line":52,"column":45}},"52":{"start":{"line":53,"column":0},"end":{"line":53,"column":34}},"53":{"start":{"line":54,"column":0},"end":{"line":54,"column":49}},"54":{"start":{"line":55,"column":0},"end":{"line":55,"column":0}},"55":{"start":{"line":56,"column":0},"end":{"line":56,"column":58}},"56":{"start":{"line":57,"column":0},"end":{"line":57,"column":16}},"57":{"start":{"line":58,"column":0},"end":{"line":58,"column":46}},"58":{"start":{"line":59,"column":0},"end":{"line":59,"column":42}},"59":{"start":{"line":60,"column":0},"end":{"line":60,"column":32}},"60":{"start":{"line":61,"column":0},"end":{"line":61,"column":3}},"61":{"start":{"line":62,"column":0},"end":{"line":62,"column":29}},"62":{"start":{"line":63,"column":0},"end":{"line":63,"column":1}},"63":{"start":{"line":64,"column":0},"end":{"line":64,"column":0}},"64":{"start":{"line":65,"column":0},"end":{"line":65,"column":3}},"65":{"start":{"line":66,"column":0},"end":{"line":66,"column":47}},"66":{"start":{"line":67,"column":0},"end":{"line":67,"column":3}},"67":{"start":{"line":68,"column":0},"end":{"line":68,"column":38}},"68":{"start":{"line":69,"column":0},"end":{"line":69,"column":46}},"69":{"start":{"line":70,"column":0},"end":{"line":70,"column":1}}},"s":{"0":1,"1":1,"2":1,"3":1,"4":1,"5":1,"6":1,"7":1,"8":1,"9":1,"10":1,"11":1,"12":1,"13":1,"14":2,"15":2,"16":2,"17":2,"18":2,"19":2,"20":2,"21":2,"22":1,"23":1,"24":2,"25":2,"26":2,"27":2,"28":2,"29":1,"30":1,"31":1,"32":1,"33":1,"34":1,"35":1,"36":1,"37":1,"38":1,"39":1,"40":1,"41":1,"42":3,"43":2,"44":2,"45":2,"46":2,"47":2,"48":1,"49":2,"50":2,"51":2,"52":3,"53":3,"54":1,"55":1,"56":1,"57":1,"58":1,"59":1,"60":1,"61":1,"62":1,"63":1,"64":1,"65":1,"66":1,"67":1,"68":1,"69":1},"branchMap":{"0":{"type":"branch","line":14,"loc":{"start":{"line":14,"column":7},"end":{"line":29,"column":1}},"locations":[{"start":{"line":14,"column":7},"end":{"line":29,"column":1}}]},"1":{"type":"branch","line":21,"loc":{"start":{"line":21,"column":12},"end":{"line":25,"column":5}},"locations":[{"start":{"line":21,"column":12},"end":{"line":25,"column":5}}]},"2":{"type":"branch","line":22,"loc":{"start":{"line":22,"column":26},"end":{"line":24,"column":7}},"locations":[{"start":{"line":22,"column":26},"end":{"line":24,"column":7}}]},"3":{"type":"branch","line":34,"loc":{"start":{"line":34,"column":7},"end":{"line":37,"column":1}},"locations":[{"start":{"line":34,"column":7},"end":{"line":37,"column":1}}]},"4":{"type":"branch","line":42,"loc":{"start":{"line":42,"column":7},"end":{"line":63,"column":1}},"locations":[{"start":{"line":42,"column":7},"end":{"line":63,"column":1}}]},"5":{"type":"branch","line":43,"loc":{"start":{"line":43,"column":23},"end":{"line":43,"column":30}},"locations":[{"start":{"line":43,"column":23},"end":{"line":43,"column":30}}]},"6":{"type":"branch","line":43,"loc":{"start":{"line":43,"column":29},"end":{"line":53,"column":33}},"locations":[{"start":{"line":43,"column":29},"end":{"line":53,"column":33}}]},"7":{"type":"branch","line":54,"loc":{"start":{"line":54,"column":15},"end":{"line":54,"column":40}},"locations":[{"start":{"line":54,"column":15},"end":{"line":54,"column":40}}]},"8":{"type":"branch","line":54,"loc":{"start":{"line":54,"column":42},"end":{"line":63,"column":1}},"locations":[{"start":{"line":54,"column":42},"end":{"line":63,"column":1}}]},"9":{"type":"branch","line":48,"loc":{"start":{"line":48,"column":35},"end":{"line":50,"column":3}},"locations":[{"start":{"line":48,"column":35},"end":{"line":50,"column":3}}]},"10":{"type":"branch","line":68,"loc":{"start":{"line":68,"column":7},"end":{"line":70,"column":1}},"locations":[{"start":{"line":68,"column":7},"end":{"line":70,"column":1}}]},"11":{"type":"branch","line":69,"loc":{"start":{"line":69,"column":13},"end":{"line":69,"column":39}},"locations":[{"start":{"line":69,"column":13},"end":{"line":69,"column":39}}]}},"b":{"0":[2],"1":[2],"2":[1],"3":[1],"4":[3],"5":[1],"6":[2],"7":[2],"8":[1],"9":[1],"10":[1],"11":[1]},"fnMap":{"0":{"name":"initHook","decl":{"start":{"line":14,"column":7},"end":{"line":29,"column":1}},"loc":{"start":{"line":14,"column":7},"end":{"line":29,"column":1}},"line":14},"1":{"name":"onDown","decl":{"start":{"line":21,"column":12},"end":{"line":25,"column":5}},"loc":{"start":{"line":21,"column":12},"end":{"line":25,"column":5}},"line":21},"2":{"name":"readyHook","decl":{"start":{"line":34,"column":7},"end":{"line":37,"column":1}},"loc":{"start":{"line":34,"column":7},"end":{"line":37,"column":1}},"line":34},"3":{"name":"renderMacroDirectoryHook","decl":{"start":{"line":42,"column":7},"end":{"line":63,"column":1}},"loc":{"start":{"line":42,"column":7},"end":{"line":63,"column":1}},"line":42},"4":{"name":"hotbarCollapseHook","decl":{"start":{"line":68,"column":7},"end":{"line":70,"column":1}},"loc":{"start":{"line":68,"column":7},"end":{"line":70,"column":1}},"line":68}},"f":{"0":2,"1":2,"2":1,"3":3,"4":1}}
,"C:\\Users\\thugg\\OneDrive\\Desktop\\a\\Local Dev Enviorment\\Complete\\rnk-hide-em\\scripts\\module.js": {"path":"C:\\Users\\thugg\\OneDrive\\Desktop\\a\\Local Dev Enviorment\\Complete\\rnk-hide-em\\scripts\\module.js","all":false,"statementMap":{"0":{"start":{"line":1,"column":0},"end":{"line":1,"column":3}},"1":{"start":{"line":2,"column":0},"end":{"line":2,"column":45}},"2":{"start":{"line":3,"column":0},"end":{"line":3,"column":22}},"3":{"start":{"line":4,"column":0},"end":{"line":4,"column":3}},"4":{"start":{"line":5,"column":0},"end":{"line":5,"column":26}},"5":{"start":{"line":6,"column":0},"end":{"line":6,"column":3}},"6":{"start":{"line":7,"column":0},"end":{"line":7,"column":0}},"7":{"start":{"line":8,"column":0},"end":{"line":8,"column":40}},"8":{"start":{"line":9,"column":0},"end":{"line":9,"column":56}},"9":{"start":{"line":10,"column":0},"end":{"line":10,"column":102}},"10":{"start":{"line":11,"column":0},"end":{"line":11,"column":0}},"11":{"start":{"line":12,"column":0},"end":{"line":12,"column":3}},"12":{"start":{"line":13,"column":0},"end":{"line":13,"column":58}},"13":{"start":{"line":14,"column":0},"end":{"line":14,"column":3}},"14":{"start":{"line":15,"column":0},"end":{"line":15,"column":34}},"15":{"start":{"line":16,"column":0},"end":{"line":16,"column":15}},"16":{"start":{"line":17,"column":0},"end":{"line":17,"column":1}},"17":{"start":{"line":18,"column":0},"end":{"line":18,"column":0}},"18":{"start":{"line":19,"column":0},"end":{"line":19,"column":38}},"19":{"start":{"line":20,"column":0},"end":{"line":20,"column":15}},"20":{"start":{"line":21,"column":0},"end":{"line":21,"column":1}},"21":{"start":{"line":22,"column":0},"end":{"line":22,"column":0}},"22":{"start":{"line":23,"column":0},"end":{"line":23,"column":38}},"23":{"start":{"line":24,"column":0},"end":{"line":24,"column":15}},"24":{"start":{"line":25,"column":0},"end":{"line":25,"column":1}},"25":{"start":{"line":26,"column":0},"end":{"line":26,"column":0}},"26":{"start":{"line":27,"column":0},"end":{"line":27,"column":3}},"27":{"start":{"line":28,"column":0},"end":{"line":28,"column":34}},"28":{"start":{"line":29,"column":0},"end":{"line":29,"column":3}},"29":{"start":{"line":30,"column":0},"end":{"line":30,"column":45}},"30":{"start":{"line":31,"column":0},"end":{"line":3
[...]
line":200,"column":72},"end":{"line":201,"column":84}}]},"56":{"type":"branch","line":201,"loc":{"start":{"line":201,"column":85},"end":{"line":202,"column":82}},"locations":[{"start":{"line":201,"column":85},"end":{"line":202,"column":82}}]},"57":{"type":"branch","line":202,"loc":{"start":{"line":202,"column":83},"end":{"line":203,"column":65}},"locations":[{"start":{"line":202,"column":83},"end":{"line":203,"column":65}}]},"58":{"type":"branch","line":203,"loc":{"start":{"line":203,"column":66},"end":{"line":204,"column":71}},"locations":[{"start":{"line":203,"column":66},"end":{"line":204,"column":71}}]},"59":{"type":"branch","line":204,"loc":{"start":{"line":204,"column":72},"end":{"line":205,"column":88}},"locations":[{"start":{"line":204,"column":72},"end":{"line":205,"column":88}}]},"60":{"type":"branch","line":205,"loc":{"start":{"line":205,"column":89},"end":{"line":206,"column":86}},"locations":[{"start":{"line":205,"column":89},"end":{"line":206,"column":86}}]},"61":{"type":"branch","line":206,"loc":{"start":{"line":206,"column":87},"end":{"line":207,"column":60}},"locations":[{"start":{"line":206,"column":87},"end":{"line":207,"column":60}}]},"62":{"type":"branch","line":207,"loc":{"start":{"line":207,"column":61},"end":{"line":208,"column":81}},"locations":[{"start":{"line":207,"column":61},"end":{"line":208,"column":81}}]},"63":{"type":"branch","line":208,"loc":{"start":{"line":208,"column":82},"end":{"line":209,"column":68}},"locations":[{"start":{"line":208,"column":82},"end":{"line":209,"column":68}}]},"64":{"type":"branch","line":209,"loc":{"start":{"line":209,"column":69},"end":{"line":210,"column":81}},"locations":[{"start":{"line":209,"column":69},"end":{"line":210,"column":81}}]},"65":{"type":"branch","line":210,"loc":{"start":{"line":210,"column":82},"end":{"line":211,"column":59}},"locations":[{"start":{"line":210,"column":82},"end":{"line":211,"column":59}}]},"66":{"type":"branch","line":211,"loc":{"start":{"line":211,"column":60},"end":{"line":212,"column":81}},"locations":[{"start":{"line":211,"column":60},"end":{"line":212,"column":81}}]},"67":{"type":"branch","line":212,"loc":{"start":{"line":212,"column":82},"end":{"line":220,"column":3}},"locations":[{"start":{"line":212,"column":82},"end":{"line":220,"column":3}}]}},"b":{"0":[1],"1":[6],"2":[1],"3":[5],"4":[4],"5":[1],"6":[4],"7":[1],"8":[3],"9":[1],"10":[3],"11":[1],"12":[3],"13":[1],"14":[3],"15":[1],"16":[3],"17":[1],"18":[3],"19":[1],"20":[3],"21":[1],"22":[3],"23":[1],"24":[3],"25":[1],"26":[3],"27":[1],"28":[3],"29":[1],"30":[3],"31":[1],"32":[3],"33":[1],"34":[3],"35":[1],"36":[3],"37":[1],"38":[3],"39":[1],"40":[3],"41":[1],"42":[3],"43":[1],"44":[1],"45":[1],"46":[1],"47":[2],"48":[1],"49":[1],"50":[2],"51":[1],"52":[1],"53":[1],"54":[1],"55":[1],"56":[1],"57":[1],"58":[1],"59":[1],"60":[1],"61":[1],"62":[1],"63":[1],"64":[1],"65":[1],"66":[1],"67":[1]},"fnMap":{"0":{"name":"exportConfiguration","decl":{"start":{"line":14,"column":7},"end":{"line":54,"column":1}},"loc":{"start":{"line":14,"column":7},"end":{"line":54,"column":1}},"line":14},"1":{"name":"processImportedFile","decl":{"start":{"line":62,"column":7},"end":{"line":120,"column":1}},"loc":{"start":{"line":62,"column":7},"end":{"line":120,"column":1}},"line":62},"2":{"name":"importConfiguration","decl":{"start":{"line":126,"column":7},"end":{"line":140,"column":1}},"loc":{"start":{"line":126,"column":7},"end":{"line":140,"column":1}},"line":126},"3":{"name":"input.onchange","decl":{"start":{"line":132,"column":21},"end":{"line":136,"column":5}},"loc":{"start":{"line":132,"column":21},"end":{"line":136,"column":5}},"line":132},"4":{"name":"shareConfiguration","decl":{"start":{"line":146,"column":7},"end":{"line":178,"column":1}},"loc":{"start":{"line":146,"column":7},"end":{"line":178,"column":1}},"line":146},"5":{"name":"loadSharedConfiguration","decl":{"start":{"line":185,"column":7},"end":{"line":221,"column":1}},"loc":{"start":{"line":185,"column":7},"end":{"line":221,"column":1}},"line":185}},"f":{"0":1,"1":6,"2":1,"3":1,"4":2,"5":2}}
,"C:\\Users\\thugg\\OneDrive\\Desktop\\a\\Local Dev Enviorment\\Complete\\rnk-hide-em\\scripts\\features\\presets.js": {"path":"C:\\Users\\thugg\\OneDrive\\Desktop\\a\\Local Dev Enviorment\\Complete\\rnk-hide-em\\scripts\\features\\presets.js","all":false,"statementMap":{"0":{"start":{"line":1,"column":0},"end":{"line":1,"column":3}},"1":{"start":{"line":2,"column":0},"end":{"line":2,"column":45}},"2":{"start":{"line":3,"column":0},"end":{"line":3,"column":22}},"3":{"start":{"line":4,"column":0},"end":{"line":4,"column":3}},"4":{"start":{"line":5,"column":0},"end":{"line":5,"column":25}},"5":{"start":{"line":6,"column":0},"end":{"line":6,"column":3}},"6":{"start":{"line":7,"column":0},"end":{"line":7,"column":0}},"7":{"start":{"line":8,"column":0},"end":{"line":8,"column":49}},"8":{"start":{"line":9,"column":0},"end":{"line":9,"column":67}},"9":{"start":{"line":10,"column":0},"end":{"line":10,"column":0}},"10":{"start":{"line":11,"column":0},"end":{"line":11,"column":3}},"11":{"start":{"line":12,"column":0},"end":{"line":12,"column":33}},"12":{"start":{"line":13,"column":0},"end":{"line":13,"column":3}},"13":{"start":{"line":14,"column":0},"end":{"line":14,"column":25}},"14":{"start":{"line":15,"column":0},"end":{"line":15,"column":18}},"15":{"start":{"line":16,"column":0},"end":{"line":16,"column":20}},"16":{"start":{"line":17,"column":0},"end":{"line":17,"column":26}},"17":{"start":{"line":18,"column":0},"end":{"line":18,"column":28}},"18":{"start":{"line":19,"column":0},"end":{"line":19,"column":29}},"19":{"start":{"line":20,"column":0},"end":{"line":20,"column":17}},"20":{"start":{"line":21,"column":0},"end":{"line":21,"column":19}},"21":{"start":{"line":22,"column":0},"end":{"line":22,"column":4}},"22":{"start":{"line":23,"column":0},"end":{"line":23,"column":14}},"23":{"start":{"line":24,"column":0},"end":{"line":24,"column":20}},"24":{"start":{"line":25,"column":0},"end":{"line":25,"column":25}},"25":{"start":{"line":26,"column":0},"end":{"line":26,"column":27}},"26":{"start":{"line":27,"column":0},"end":{"line":27,"column":28}},"27":{"start":{"line":28,"column":0},"end":{"line":28,"column":16}},"28":{"start":{"line":29,"column":0},"end":{"line":29,"column":19}},"29":{"start":{"line":30,"column":0},"end":{"line":30,"column":4}},"30":{"start":{"line":31,"column":0},"end":{"line":31,"column":14}},"31":{"start":{"line":32,"column":0},"end":{"line":32,"column":20}},"32":{"start":{"line":33,"column":0},"end":{"line":33,"column":25}},"33":{"start":{"line":34,"column":0},"end":{"line":34,"column":27}},"34":{"start":{"line":35,"column":0},"end":{"line":35,"column":28}},"35":{"start":{"line":36,"column":0},"end":{"line":36,"column":16}},"36":{"start":{"line":37,"column":0},"end":{"line":37,"column":26}},"37":{"start":{"line":38,"column":0},"end":{"line":38,"column":4}},"38":{"start":{"line":39,"column":0},"end":{"line":39,"column":18}},"39":{"start":{"line":40,"column":0},"end":{"line":40,"column":20}},"40":{"start":{"line":41,"column":0},"end":{"line":41,"column":26}},"41":{"start":{"line":42,"column":0},"end":{"line":42,"column":28}},"42":{"start":{"line":43,"column":0},"end":{"line":43,"column":29}},"43":{"start":{"line":44,"column":0},"end":{"line":44,"column":17}},"44":{"start":{"line":45,"column":0},"end":{"line":45,"column":19}},"45":{"start":{"line":46,"column":0},"end":{"line":46,"column":3}},"46":{"start":{"line":47,"column":0},"end":{"line":47,"column":2}},"47":{"start":{"line":48,"column":0},"end":{"line":48,"column":0}},"48":{"start":{"line":49,"column":0},"end":{"line":49,"column":3}},"49":{"start":{"line":50,"column":0},"end":{"line":50,"column":38}},"50":{"start":{"line":51,"column":0},"end":{"line":51,"column":43}},"51":{"start":{"line":52,"column":0},"end":{"line":52,"column":3}},"52":{"start":{"line":53,"column":0},"end":{"line":53,"column":33}},"53":{"start":{"line":54,"column":0},"end":{"line":54,"column":59}},"54":{"start":{"line":55,"column":0},"end":{"line":55,"column":76}},"55":{"start":{"line":56,"column":0},"end":{"line":56,"column":9}},"56":{"start":{"line":57,"column":0},"end":{"line":57,"column":11}},"57":{"start":{"line":58,"column":0},"end":{"line":58,"column":17}},"58":{"start":{"line":59,"column":0},"end":{"line":59,"column":6}},"59":{"start":{"line":60,"column":0},"end":{"line":60,"column":40}},"60":{"start":{"line":61,"column":0},"end":{"line":61,"column":1}},"61":{"start":{"line":62,"column":0},"end":{"line":62,"column":0}},"62":{"start":{"line":63,"column":0},"end":{"line":63,"column":3}},"63":{"start":{"line":64,"column":0},"end":{"line":64,"column":39}},"64":{"start":{"line":65,"column":0},"end":{"line":65,"column":37}},"65":{"start":{"line":66,"column":0},"end":{"line":66,"column":3}},"66":{"start":{"line":67,"column":0},"end":{"line":67,"column":40}},"67":{"start":{"line":68,"column":0},"end":{"line":68,"column":30}},"68":{"start":{"line":69,"column":0},"end":{"line":69,"column":54}},"69":{"start":{"line":70,"column":0},"end":{"line":70,"column":17}},"70":{"start":{"line":71,"column":0},"end":{"line":71,"column":3}},"71":{"start":{"line":72,"column":0},"end":{"line":72,"column":0}},"72":{"start":{"line":73,"column":0},"end":{"line":73,"column":53}},"73":{"start":{"line":74,"column":0},"end":{"line":74,"column":2}},"74":{"start":{"line":75,"column":0},"end":{"line":75,"column":33}},"75":{"start":{"line":76,"column":0},"end":{"line":76,"column":43}},"76":{"start":{"line":77,"column":0},"end":{"line":77,"column":58}},"77":{"start":{"line":78,"column":0},"end":{"line":78,"column":17}},"78":{"start":{"line":79,"column":0},"end":{"line":79,"column":3}},"79":{"start":{"line":80,"column":0},"end":{"line":80,"column":0}},"80":{"start":{"line":81,"column":0},"end":{"line":81,"column":18}},"81":{"start":{"line":82,"column":0},"end":{"line":82,"column":51}},"82":{"start":{"line":83,"column":0},"end":{"line":83,"column":57}},"83":{"start":{"line":84,"column":0},"end":{"line":84,"column":62}},"84":{"start":{"line":85,"column":0},"end":{"line":85,"column":64}},"85":{"start":{"line":86,"column":0},"end":{"line":86,"column":42}},"86":{"start":{"line":87,"column":0},"end":{"line":87,"column":50}},"87":{"start":{"line":88,"column":0},"end":{"line":88,"column":4}},"88":{"start":{"line":89,"column":0},"end":{"line":89,"column":0}},"89":{"start":{"line":90,"column":0},"end":{"line":90,"column":49}},"90":{"start":{"line":91,"column":0},"end":{"line":91,"column":46}},"91":{"start":{"line":92,"column":0},"end":{"line":92,"column":44}},"92":{"start":{"line":93,"column":0},"end":{"line":93,"column":14}},"93":{"start":{"line":94,"column":0},"end":{"line":94,"column":1}},"94":{"start":{"line":95,"column":0},"end":{"line":95,"column":0}},"95":{"start":{"line":96,"column":0},"end":{"line":96,"column":3}},"96":{"start":{"line":97,"column":0},"end":{"line":97,"column":24}},"97":{"start":{"line":98,"column":0},"end":{"line":98,"column":37}},"98":{"start":{"line":99,"column":0},"end":{"line":99,"column":3}},"99":{"start":{"line":100,"column":0},"end":{"line":100,"column":40}},"100":{"start":{"line":101,"column":0},"end":{"line":101,"column":37}},"101":{"start":{"line":102,"column":0},"end":{"line":102,"column":55}},"102":{"start":{"line":103,"column":0},"end":{"line":103,"column":0}},"103":{"start":{"line":104,"column":0},"end":{"line":104,"column":16}},"104":{"start":{"line":105,"column":0},"end":{"line":105,"column":51}},"105":{"start":{"line":106,"column":0},"end":{"line":106,"column":17}},"106":{"start":{"line":107,"column":0},"end":{"line":107,"column":3}},"107":{"start":{"line":108,"column":0},"end":{"line":108,"column":0}},"108":{"start":{"line":109,"column":0},"end":{"line":109,"column":28}},"109":{"start":{"line":110,"column":0},"end":{"line":110,"column":62}},"110":{"start":{"line":111,"column":0},"end":{"line":111,"column":68}},"111":{"start":{"line":112,"column":0},"end":{"line":112,"column":73}},"112":{"start":{"line":113,"column":0},"end":{"line":113,"column":75}},"113":{"start":{"line":114,"column":0},"end":{"line":114,"column":53}},"114":{"start":{"line":115,"column":0},"end":{"line":115,"column":68}},"115":{"start":{"line":116,"column":0},"end":{"line":116,"column":49}},"116":{"start":{"line":117,"column":0},"end":{"line":117,"column":0}},"117":{"start":{"line":118,"column":0},"end":{"line":118,"column":45}},"118":{"start":{"line":119,"column":0},"end":{"line":119,"column":14}},"119":{"start":{"line":120,"column":0},"end":{"line":120,"column":1}},"120":{"start":{"line":121,"column":0},"end":{"line":121,"column":0}},"121":{"start":{"line":122,"column":0},"end":{"line":122,"column":3}},"122":{"start":{"line":123,"column":0},"end":{"line":123,"column":25}},"123":{"start":{"line":124,"column":0},"end":{"line":124,"column":37}},"124":{"start":{"line":125,"column":0},"end":{"line":125,"column":3}},"125":{"start":{"line":126,"column":0},"end":{"line":126,"column":42}},"126":{"start":{"line":127,"column":0},"end":{"line":127,"column":53}},"127":{"start":{"line":128,"column":0},"end":{"line":128,"column":56}},"128":{"start":{"line":129,"column":0},"end":{"line":129,"column":0}},"129":{"start":{"line":130,"column":0},"end":{"line":130,"column":21}},"130":{"start":{"line":131,"column":0},"end":{"line":131,"column":51}},"131":{"start":{"line":132,"column":0},"end":{"line":132,"column":17}},"132":{"start":{"line":133,"column":0},"end":{"line":133,"column":3}},"133":{"start":{"line":134,"column":0},"end":{"line":134,"column":0}},"134":{"start":{"line":135,"column":0},"end":{"line":135,"column":31}},"135":{"start":{"line":136,"column":0},"end":{"line":136,"column":56}},"136":{"start":{"line":137,"column":0},"end":{"line":137,"column":17}},"137":{"start":{"line":138,"column":0},"end":{"line":138,"column":3}},"138":{"start":{"line":139,"column":0},"end":{"line":139,"column":0}},"139":{"start":{"line":140,"column":0},"end":{"line":140,"column":27}},"140":{"start":{"line":141,"column":0},"end":{"line":141,"column":46}},"141":{"start":{"line":142,"column":0},"end":{"line":142,"column":46}},"142":{"start":{"line":143,"column":0},"end":{"line":143,"column":14}},"143":{"start":{"line":144,"column":0},"end":{"line":144,"column":1}}},"s":{"0":1,"1":1,"2":1,"3":1,"4":1,"5":1,"6":1,"7":1,"8":1,"9":1,"10":1,"11":1,"12":1,"13":1,"14":1,"15":1,"16":1,"17":1,"18":1,"19":1,"20":1,"21":1,"22":1,"23":1,"24":1,"25":1,"26":1,"27":1,"28":1,"29":1,"30":1,"31":1,"32":1,"33":1,"34":1,"35":1,"36":1,"37":1,"38":1,"39":1,"40":1,"41":1,"42":1,"43":1,"44":1,"45":1,"46":1,"47":1,"48":1,"49":1,"50":1,"51":1,"52":1,"53":5,"54":5,"55":20,"56":20,"57":20,"58":5,"59":5,"60":5,"61":1,"62":1,"63":1,"64":1,"65":1,"66":1,"67":4,"68":1,"69":1,"70":1,"71":3,"72":4,"73":4,"74":4,"75":4,"76":1,"77":1,"78":1,"79":2,"80":2,"81":2,"82":2,"83":2,"84":2,"85":2,"86":2,"87":2,"88":2,"89":2,"90":2,"91":2,"92":2,"93":2,"94":1,"95":1,"96":1,"97":1,"98":1,"99":1,"100":3,"101":3,"102":3,"103":3,"104":1,"105":1,"106":1,"107":2,"108":2,"109":2,"110":2,"111":2,"112":2,"113":2,"114":3,"115":2,"116":2,"117":2,"118":2,"119":2,"120":1,"121":1,"122":1,"123":1,"124":1,"125":1,"126":4,"127":4,"128":4,"129":4,"130":2,"131":2,"132":2,"133":2,"134":4,"135":1,"136":1,"137":1,"138":1,"139":1,"140":1,"141":1,"142":1,"143":1},"branchMap":{"0":{"type":"branch","line":53,"loc":{"start":{"line":53,"column":7},"end":{"line":61,"column":1}},"locations":[{"start":{"line":53,"column":7},"end":{"line":61,"column":1}}]},"1":{"type":"branch","line":54,"loc":{"start":{"line":54,"column":53},"end":{"line":54,"column":58}},"locations":[{"start":{"line":54,"column":53},"end":{"line":54,"column":58}}]},"2":{"type":"branch","line":55,"loc":{"start":{"line":55,"column":54},"end":{"line":59,"column":4}},"locations":[{"start":{"line":55,"column":54},"end":{"line":59,"column":4}}]},"3":{"type":"branch","line":67,"loc":{"start":{"line":67,"column":7},"end":{"line":94,"column":1}},"locations":[{"start":{"line":67,"column":7},"end":{"line":94,"column":1}}]},"4":{"type":"branch","line":68,"loc":{"start":{"line":68,"column":29},"end":{"line":71,"column":3}},"locations":[{"start":{"line":68,"column":29},"end":{"line":71,"column":3}}]},"5":{"type":"branch","line":71,"loc":{"start":{"line":71,"column":2},"end":{"line":73,"column":47}},"locations":[{"start":{"line":71,"column":2},"end":{"line":73,"column":47}}]},"6":{"type":"branch","line":73,"loc":{"start":{"line":73,"column":47},"end":{"line":73,"column":52}},"locations":[{"start":{"line":73,"column":47},"end":{"line":73,"column":52}}]},"7":{"type":"branch","line":76,"loc":{"start":{"line":76,"column":42},"end":{"line":79,"column":3}},"locations":[{"start":{"line":76,"column":42},"end":{"line":79,"column":3}}]},"8":{"type":"branch","line":79,"loc":{"start":{"line":79,"column":2},"end":{"line":94,"column":1}},"locations":[{"start":{"line":79,"column":2},"end":{"line":94,"column":1}}]},"9":{"type":"branch","line":76,"loc":{"start":{"line":76,"column":19},"end":{"line":76,"column":39}},"locations":[{"start":{"line":76,"column":19},"end":{"line":76,"column":39}}]},"10":{"type":"branch","line":100,"loc":{"start":{"line":100,"column":7},"end":{"line":120,"column":1}},"locations":[{"start":{"line":100,"column":7},"end":{"line":120,"column":1}}]},"11":{"type":"branch","line":104,"loc":{"start":{"line":104,"column":15},"end":{"line":107,"column":3}},"locations":[{"start":{"line":104,"column":15},"end":{"line":107,"column":3}}]},"12":{"type":"branch","line":107,"loc":{"start":{"line":107,"column":2},"end":{"line":115,"column":61}},"locations":[{"start":{"line":107,"column":2},"end":{"line":115,"column":61}}]},"13":{"type":"branch","line":115,"loc":{"start":{"line":115,"column":61},"end":{"line":115,"column":66}},"locations":[{"start":{"line":115,"column":61},"end":{"line":115,"column":66}}]},"14":{"type":"branch","line":115,"loc":{"start":{"line":115,"column":67},"end":{"line":120,"column":1}},"locations":[{"start":{"line":115,"column":67},"end":{"line":120,"column":1}}]},"15":{"type":"branch","line":102,"loc":{"start":{"line":102,"column":33},"end":{"line":102,"column":53}},"locations":[{"start":{"line":102,"column":33},"end":{"line":102,"column":53}}]},"16":{"type":"branch","line":126,"loc":{"start":{"line":126,"column":7},"end":{"line":144,"column":1}},"locations":[{"start":{"line":126,"column":7},"end":{"line":144,"column":1}}]},"17":{"type":"branch","line":127,"loc":{"start":{"line":127,"column":47},"end":{"line":127,"column":52}},"locations":[{"start":{"line":127,"column":47},"end":{"line":127,"column":52}}]},"18":{"type":"branch","line":130,"loc":{"start":{"line":130,"column":20},"end":{"line":135,"column":30}},"locations":[{"start":{"line":130,"column":20},"end":{"line":135,"column":30}}]},"19":{"type":"branch","line":135,"loc":{"start":{"line":135,"column":30},"end":{"line":144,"column":1}},"locations":[{"start":{"line":135,"column":30},"end":{"line":144,"column":1}}]},"20":{"type":"branch","line":128,"loc":{"start":{"line":128,"column":34},"end":{"line":128,"column":54}},"locations":[{"start":{"line":128,"column":34},"end":{"line":128,"column":54}}]}},"b":{"0":[5],"1":[1],"2":[20],"3":[4],"4":[1],"5":[3],"6":[1],"7":[1],"8":[2],"9":[1],"10":[3],"11":[1],"12":[2],"13":[1],"14":[2],"15":[12],"16":[4],"17":[1],"18":[2],"19":[1],"20":[2]},"fnMap":{"0":{"name":"getAllPresets","decl":{"start":{"line":53,"column":7},"end":{"line":61,"column":1}},"loc":{"start":{"line":53,"column":7},"end":{"line":61,"column":1}},"line":53},"1":{"name":"savePreset","decl":{"start":{"line":67,"column":7},"end":{"line":94,"column":1}},"loc":{"start":{"line":67,"column":7},"end":{"line":94,"column":1}},"line":67},"2":{"name":"loadPreset","decl":{"start":{"line":100,"column":7},"end":{"line":120,"column":1}},"loc":{"start":{"line":100,"column":7},"end":{"line":120,"column":1}},"line":100},"3":{"name":"deletePreset","decl":{"start":{"line":126,"column":7},"end":{"line":144,"column":1}},"loc":{"start":{"line":126,"column":7},"end":{"line":144,"column":1}},"line":126}},"f":{"0":5,"1":4,"2":3,"3":4}}
}
